#
# There is insufficient memory for the Java Runtime Environment to continue.
# Native memory allocation (mmap) failed to map 65536 bytes for Failed to commit metaspace.
# Possible reasons:
#   The system is out of physical RAM or swap space
#   The process is running with CompressedOops enabled, and the Java Heap may be blocking the growth of the native heap
# Possible solutions:
#   Reduce memory load on the system
#   Increase physical memory or swap space
#   Check if swap backing store is full
#   Decrease Java heap size (-Xmx/-Xms)
#   Decrease number of Java threads
#   Decrease Java thread stack sizes (-Xss)
#   Set larger code cache with -XX:ReservedCodeCacheSize=
#   JVM is running with Zero Based Compressed Oops mode in which the Java heap is
#     placed in the first 32GB address space. The Java Heap base address is the
#     maximum limit for the native heap growth. Please use -XX:HeapBaseMinAddress
#     to set the Java Heap base and to place the Java Heap above 32GB virtual address.
# This output file may be truncated or incomplete.
#
#  Out of Memory Error (virtualSpaceNode.cpp:110), pid=14496, tid=25740
#
# JRE version: OpenJDK Runtime Environment JBR-17.0.9+7-1000.46-jcef (17.0.9+7) (build 17.0.9+7-b1000.46)
# Java VM: OpenJDK 64-Bit Server VM JBR-17.0.9+7-1000.46-jcef (17.0.9+7-b1000.46, mixed mode, tiered, compressed oops, compressed class ptrs, g1 gc, windows-amd64)
# No core dump will be written. Minidumps are not enabled by default on client versions of Windows
#

---------------  S U M M A R Y ------------

Command Line: git4idea.http.GitAskPassApp Username for 'https://github.com': 

Host: 12th Gen Intel(R) Core(TM) i5-1235U, 12 cores, 15G,  Windows 10 , 64 bit Build 19041 (10.0.19041.3636)
Time: Mon May 20 17:39:48 2024 FLE Daylight Time elapsed time: 0.236529 seconds (0d 0h 0m 0s)

---------------  T H R E A D  ---------------

Current thread (0x000001e14e9044c0):  JavaThread "main" [_thread_in_vm, id=25740, stack(0x000000238f500000,0x000000238f600000)]

Stack: [0x000000238f500000,0x000000238f600000]
Native frames: (J=compiled Java code, j=interpreted, Vv=VM code, C=native code)
V  [jvm.dll+0x6886e9]
V  [jvm.dll+0x841e4a]
V  [jvm.dll+0x843a8e]
V  [jvm.dll+0x8440f3]
V  [jvm.dll+0x24c14f]
V  [jvm.dll+0x83ce2b]
V  [jvm.dll+0x62cae6]
V  [jvm.dll+0x62cb4a]
V  [jvm.dll+0x62f37a]
V  [jvm.dll+0x62d486]
V  [jvm.dll+0x24925c]
V  [jvm.dll+0x6dfeed]
V  [jvm.dll+0x6e092f]
V  [jvm.dll+0x379250]
V  [jvm.dll+0x378274]
V  [jvm.dll+0x378218]
V  [jvm.dll+0x570585]
V  [jvm.dll+0x56f434]
V  [jvm.dll+0x38c332]
V  [jvm.dll+0x38b99f]
C  0x000001e1595ca503

The last pc belongs to invokestatic (printed below).
Java frames: (J=compiled Java code, j=interpreted, Vv=VM code)
j  sun.nio.fs.WindowsChannelFactory.newFileChannel(Ljava/lang/String;Ljava/lang/String;Ljava/util/Set;J)Ljava/nio/channels/FileChannel;+126 java.base@17.0.9
j  sun.nio.fs.WindowsFileSystemProvider.newByteChannel(Ljava/nio/file/Path;Ljava/util/Set;[Ljava/nio/file/attribute/FileAttribute;)Ljava/nio/channels/SeekableByteChannel;+28 java.base@17.0.9
j  java.nio.file.Files.newByteChannel(Ljava/nio/file/Path;Ljava/util/Set;[Ljava/nio/file/attribute/FileAttribute;)Ljava/nio/channels/SeekableByteChannel;+7 java.base@17.0.9
j  java.nio.file.Files.newByteChannel(Ljava/nio/file/Path;[Ljava/nio/file/OpenOption;)Ljava/nio/channels/SeekableByteChannel;+32 java.base@17.0.9
j  java.nio.file.spi.FileSystemProvider.newInputStream(Ljava/nio/file/Path;[Ljava/nio/file/OpenOption;)Ljava/io/InputStream;+84 java.base@17.0.9
j  java.nio.file.Files.newInputStream(Ljava/nio/file/Path;[Ljava/nio/file/OpenOption;)Ljava/io/InputStream;+6 java.base@17.0.9
j  javax.crypto.JceSecurity.setupJurisdictionPolicies()V+319 java.base@17.0.9
j  javax.crypto.JceSecurity$1.run()Ljava/lang/Void;+0 java.base@17.0.9
j  javax.crypto.JceSecurity$1.run()Ljava/lang/Object;+1 java.base@17.0.9
j  java.security.AccessController.executePrivileged(Ljava/security/PrivilegedExceptionAction;Ljava/security/AccessControlContext;Ljava/lang/Class;)Ljava/lang/Object;+29 java.base@17.0.9
j  java.security.AccessController.doPrivileged(Ljava/security/PrivilegedExceptionAction;)Ljava/lang/Object;+9 java.base@17.0.9
j  javax.crypto.JceSecurity.<clinit>()V+44 java.base@17.0.9
v  ~StubRoutines::call_stub
j  javax.crypto.Cipher.getInstance(Ljava/lang/String;)Ljavax/crypto/Cipher;+134 java.base@17.0.9
j  sun.security.ssl.SSLCipher.isTransformationAvailable(Ljava/lang/String;)Z+12 java.base@17.0.9
j  sun.security.ssl.SSLCipher.<init>(Ljava/lang/String;ILjava/lang/String;Lsun/security/ssl/CipherType;IIIIZZ[Ljava/util/Map$Entry;[Ljava/util/Map$Entry;)V+124 java.base@17.0.9
j  sun.security.ssl.SSLCipher.<clinit>()V+182 java.base@17.0.9
v  ~StubRoutines::call_stub
j  sun.security.ssl.CipherSuite.<clinit>()V+18 java.base@17.0.9
v  ~StubRoutines::call_stub
j  sun.security.ssl.SSLContextImpl.getApplicableSupportedCipherSuites(Ljava/util/List;)Ljava/util/List;+0 java.base@17.0.9
j  sun.security.ssl.SSLContextImpl$AbstractTLSContext.<clinit>()V+84 java.base@17.0.9
v  ~StubRoutines::call_stub
j  java.lang.Class.forName0(Ljava/lang/String;ZLjava/lang/ClassLoader;Ljava/lang/Class;)Ljava/lang/Class;+0 java.base@17.0.9
j  java.lang.Class.forName(Ljava/lang/String;)Ljava/lang/Class;+11 java.base@17.0.9
j  java.security.Provider$Service.getImplClass()Ljava/lang/Class;+64 java.base@17.0.9
j  java.security.Provider$Service.getDefaultConstructor()Ljava/lang/reflect/Constructor;+46 java.base@17.0.9
j  java.security.Provider$Service.newInstanceOf()Ljava/lang/Object;+1 java.base@17.0.9
j  java.security.Provider$Service.newInstanceUtil(Ljava/lang/Class;Ljava/lang/Object;)Ljava/lang/Object;+5 java.base@17.0.9
j  java.security.Provider$Service.newInstance(Ljava/lang/Object;)Ljava/lang/Object;+227 java.base@17.0.9
j  sun.security.jca.GetInstance.getInstance(Ljava/security/Provider$Service;Ljava/lang/Class;)Lsun/security/jca/GetInstance$Instance;+2 java.base@17.0.9
j  sun.security.jca.GetInstance.getInstance(Ljava/lang/String;Ljava/lang/Class;Ljava/lang/String;)Lsun/security/jca/GetInstance$Instance;+56 java.base@17.0.9
j  javax.net.ssl.SSLContext.getInstance(Ljava/lang/String;)Ljavax/net/ssl/SSLContext;+12 java.base@17.0.9
j  externalApp.ExternalAppUtil.sendIdeRequest(Ljava/lang/String;ILjava/lang/String;Ljava/lang/String;)LexternalApp/ExternalAppUtil$Result;+34
j  git4idea.http.GitAskPassApp.main([Ljava/lang/String;)V+37
v  ~StubRoutines::call_stub
invokestatic  184 invokestatic  [0x000001e1595ca460, 0x000001e1595ca720]  704 bytes
[MachCode]
  0x000001e1595ca460: 4883 ec08 | c5fa 1104 | 24eb 1f48 | 83ec 10c5 | fb11 0424 | eb14 4883 | ec10 4889 | 0424 48c7 
  0x000001e1595ca480: 4424 0800 | 0000 00eb | 0150 4c89 | 6dc0 410f | b755 0148 | 8b4d d0c1 | e202 8b5c | d120 c1eb 
  0x000001e1595ca4a0: 1081 e3ff | 0000 0081 | fbb8 0000 | 000f 84b6 | 0000 00bb | b800 0000 | e805 0000 | 00e9 9b00 
  0x000001e1595ca4c0: 0000 488b | d348 8d44 | 2408 4c89 | 6dc0 498b | cfc5 f877 | 4989 afa8 | 0200 0049 | 8987 9802 
  0x000001e1595ca4e0: 0000 4883 | ec20 f7c4 | 0f00 0000 | 0f84 1a00 | 0000 4883 | ec08 49ba | 30b9 4ec6 | f87f 0000 
  0x000001e1595ca500: 41ff d248 | 83c4 08e9 | 0d00 0000 | 49ba 30b9 | 4ec6 f87f | 0000 41ff | d248 83c4 | 2049 c787 
  0x000001e1595ca520: 9802 0000 | 0000 0000 | 49c7 87a8 | 0200 0000 | 0000 0049 | c787 a002 | 0000 0000 | 0000 c5f8 
  0x000001e1595ca540: 7749 817f | 0800 0000 | 000f 8405 | 0000 00e9 | ac69 feff | 4c8b 6dc0 | 4c8b 75c8 | c341 0fb7 
  0x000001e1595ca560: 5501 488b | 4dd0 c1e2 | 0248 8b5c | d128 488b | 5b08 488b | 5b08 488b | 5b18 80bb | 5b01 0000 
  0x000001e1595ca580: 040f 840d | 0000 004c | 3bbb 6001 | 0000 0f85 | 1fff ffff | 488b 5cd1 | 288b 54d1 | 38c1 ea1c 
  0x000001e1595ca5a0: 49ba 505e | d1c6 f87f | 0000 498b | 14d2 5248 | 8b45 d848 | 85c0 0f84 | 1200 0000 | 4883 4008 
  0x000001e1595ca5c0: 0148 8358 | 0800 4883 | c010 4889 | 45d8 488b | 45d8 4885 | c00f 8435 | 0100 0080 | 78f0 0a0f 
  0x000001e1595ca5e0: 852b 0100 | 0048 83c0 | 084c 8b68 | f841 83ed | 0041 83fd | 020f 8c0a | 0100 004c | 8b6b 0845 
  0x000001e1595ca600: 0fb7 6d2c | 4c2b 2841 | 83ed 014e | 8b6c ec08 | 4d85 ed75 | 0748 8348 | 0801 eb53 | 458b 6d08 
  0x000001e1595ca620: 49ba 0000 | 0000 0800 | 0000 4d03 | ea4c 3368 | 0849 f7c5 | fcff ffff | 7435 49f7 | c502 0000 
  0x000001e1595ca640: 0075 2c48 | 8178 0800 | 0000 0074 | 1e48 8178 | 0801 0000 | 0074 144c | 3368 0849 | f7c5 fcff 
  0x000001e1595ca660: ffff 740b | 4883 4808 | 02eb 044c | 8968 0848 | 83c0 104c | 8b68 e841 | 83ed 0241 | 83fd 020f 
  0x000001e1595ca680: 8c80 0000 | 004c 8b6b | 0845 0fb7 | 6d2c 4c2b | 2841 83ed | 014e 8b6c | ec08 4d85 | ed75 0748 
  0x000001e1595ca6a0: 8348 0801 | eb53 458b | 6d08 49ba | 0000 0000 | 0800 0000 | 4d03 ea4c | 3368 0849 | f7c5 fcff 
  0x000001e1595ca6c0: ffff 7435 | 49f7 c502 | 0000 0075 | 2c48 8178 | 0800 0000 | 0074 1e48 | 8178 0801 | 0000 0074 
  0x000001e1595ca6e0: 144c 3368 | 0849 f7c5 | fcff ffff | 740b 4883 | 4808 02eb | 044c 8968 | 0848 83c0 | 104c 8b68 
  0x000001e1595ca700: d841 83ed | 0441 c1e5 | 0349 03c5 | 4889 45d8 | 4c8d 6c24 | 084c 896d | f0ff 6360 | 0f1f 4000 
[/MachCode]

---------------  P R O C E S S  ---------------

Threads class SMR info:
_java_thread_list=0x000001e16db7faa0, length=13, elements={
0x000001e14e9044c0, 0x000001e16d9bb630, 0x000001e16d9bc4b0, 0x000001e16d9d27c0,
0x000001e16d9de380, 0x000001e16d9e0e50, 0x000001e16d9e1810, 0x000001e16d9e2d20,
0x000001e16d9e5f80, 0x000001e16d9e3d20, 0x000001e16db80e30, 0x000001e16db92950,
0x000001e16dc0a860
}

Java Threads: ( => current thread )
=>0x000001e14e9044c0 JavaThread "main" [_thread_in_vm, id=25740, stack(0x000000238f500000,0x000000238f600000)]
  0x000001e16d9bb630 JavaThread "Reference Handler" daemon [_thread_blocked, id=28988, stack(0x000000238fc00000,0x000000238fd00000)]
  0x000001e16d9bc4b0 JavaThread "Finalizer" daemon [_thread_blocked, id=11800, stack(0x000000238fd00000,0x000000238fe00000)]
  0x000001e16d9d27c0 JavaThread "Signal Dispatcher" daemon [_thread_blocked, id=28764, stack(0x000000238fe00000,0x000000238ff00000)]
  0x000001e16d9de380 JavaThread "Attach Listener" daemon [_thread_blocked, id=12080, stack(0x000000238ff00000,0x0000002390000000)]
  0x000001e16d9e0e50 JavaThread "Service Thread" daemon [_thread_blocked, id=29212, stack(0x0000002390000000,0x0000002390100000)]
  0x000001e16d9e1810 JavaThread "Monitor Deflation Thread" daemon [_thread_blocked, id=16068, stack(0x0000002390100000,0x0000002390200000)]
  0x000001e16d9e2d20 JavaThread "C2 CompilerThread0" daemon [_thread_blocked, id=5812, stack(0x0000002390200000,0x0000002390300000)]
  0x000001e16d9e5f80 JavaThread "C1 CompilerThread0" daemon [_thread_blocked, id=8180, stack(0x0000002390300000,0x0000002390400000)]
  0x000001e16d9e3d20 JavaThread "Sweeper thread" daemon [_thread_blocked, id=19972, stack(0x0000002390400000,0x0000002390500000)]
  0x000001e16db80e30 JavaThread "Notification Thread" daemon [_thread_blocked, id=25648, stack(0x0000002390500000,0x0000002390600000)]
  0x000001e16db92950 JavaThread "Common-Cleaner" daemon [_thread_blocked, id=23088, stack(0x0000002390700000,0x0000002390800000)]
  0x000001e16dc0a860 JavaThread "C2 CompilerThread1" daemon [_thread_blocked, id=26208, stack(0x0000002390800000,0x0000002390900000)]

Other Threads:
  0x000001e16d98b620 VMThread "VM Thread" [stack: 0x000000238fb00000,0x000000238fc00000] [id=23764]
  0x000001e16db81310 WatcherThread [stack: 0x0000002390600000,0x0000002390700000] [id=27600]
  0x000001e14e96a910 GCTaskThread "GC Thread#0" [stack: 0x000000238f600000,0x000000238f700000] [id=18952]
  0x000001e14e97b420 ConcurrentGCThread "G1 Main Marker" [stack: 0x000000238f700000,0x000000238f800000] [id=22600]
  0x000001e14e97be40 ConcurrentGCThread "G1 Conc#0" [stack: 0x000000238f800000,0x000000238f900000] [id=19208]
  0x000001e14e9be010 ConcurrentGCThread "G1 Refine#0" [stack: 0x000000238f900000,0x000000238fa00000] [id=29248]
  0x000001e14e9bea40 ConcurrentGCThread "G1 Service" [stack: 0x000000238fa00000,0x000000238fb00000] [id=28364]

Threads with active compile tasks:

VM state: not at safepoint (normal execution)

VM Mutex/Monitor currently owned by a thread:  ([mutex/lock_event])
[0x000001e14e8fcda0] Metaspace_lock - owner thread: 0x000001e14e9044c0

Heap address: 0x0000000704400000, size: 4028 MB, Compressed Oops mode: Zero based, Oop shift amount: 3

CDS archive(s) not mapped
Compressed class space mapped at: 0x0000000800000000-0x0000000840000000, reserved size: 1073741824
Narrow klass base: 0x0000000800000000, Narrow klass shift: 0, Narrow klass range: 0x40000000

GC Precious Log:
 CPUs: 12 total, 12 available
 Memory: 16108M
 Large Page Support: Disabled
 NUMA Support: Disabled
 Compressed Oops: Enabled (Zero based)
 Heap Region Size: 2M
 Heap Min Capacity: 8M
 Heap Initial Capacity: 252M
 Heap Max Capacity: 4028M
 Pre-touch: Disabled
 Parallel Workers: 10
 Concurrent Workers: 3
 Concurrent Refinement Workers: 10
 Periodic GC: Disabled

Heap:
 garbage-first heap   total 258048K, used 2048K [0x0000000704400000, 0x0000000800000000)
  region size 2048K, 2 young (4096K), 0 survivors (0K)
 Metaspace       used 8306K, committed 8448K, reserved 1114112K
  class space    used 737K, committed 832K, reserved 1048576K

Heap Regions: E=young(eden), S=young(survivor), O=old, HS=humongous(starts), HC=humongous(continues), CS=collection set, F=free, OA=open archive, CA=closed archive, TAMS=top-at-mark-start (previous, next)
|   0|0x0000000704400000, 0x0000000704400000, 0x0000000704600000|  0%| F|  |TAMS 0x0000000704400000, 0x0000000704400000| Untracked 
|   1|0x0000000704600000, 0x0000000704600000, 0x0000000704800000|  0%| F|  |TAMS 0x0000000704600000, 0x0000000704600000| Untracked 
|   2|0x0000000704800000, 0x0000000704800000, 0x0000000704a00000|  0%| F|  |TAMS 0x0000000704800000, 0x0000000704800000| Untracked 
|   3|0x0000000704a00000, 0x0000000704a00000, 0x0000000704c00000|  0%| F|  |TAMS 0x0000000704a00000, 0x0000000704a00000| Untracked 
|   4|0x0000000704c00000, 0x0000000704c00000, 0x0000000704e00000|  0%| F|  |TAMS 0x0000000704c00000, 0x0000000704c00000| Untracked 
|   5|0x0000000704e00000, 0x0000000704e00000, 0x0000000705000000|  0%| F|  |TAMS 0x0000000704e00000, 0x0000000704e00000| Untracked 
|   6|0x0000000705000000, 0x0000000705000000, 0x0000000705200000|  0%| F|  |TAMS 0x0000000705000000, 0x0000000705000000| Untracked 
|   7|0x0000000705200000, 0x0000000705200000, 0x0000000705400000|  0%| F|  |TAMS 0x0000000705200000, 0x0000000705200000| Untracked 
|   8|0x0000000705400000, 0x0000000705400000, 0x0000000705600000|  0%| F|  |TAMS 0x0000000705400000, 0x0000000705400000| Untracked 
|   9|0x0000000705600000, 0x0000000705600000, 0x0000000705800000|  0%| F|  |TAMS 0x0000000705600000, 0x0000000705600000| Untracked 
|  10|0x0000000705800000, 0x0000000705800000, 0x0000000705a00000|  0%| F|  |TAMS 0x0000000705800000, 0x0000000705800000| Untracked 
|  11|0x0000000705a00000, 0x0000000705a00000, 0x0000000705c00000|  0%| F|  |TAMS 0x0000000705a00000, 0x0000000705a00000| Untracked 
|  12|0x0000000705c00000, 0x0000000705c00000, 0x0000000705e00000|  0%| F|  |TAMS 0x0000000705c00000, 0x0000000705c00000| Untracked 
|  13|0x0000000705e00000, 0x0000000705e00000, 0x0000000706000000|  0%| F|  |TAMS 0x0000000705e00000, 0x0000000705e00000| Untracked 
|  14|0x0000000706000000, 0x0000000706000000, 0x0000000706200000|  0%| F|  |TAMS 0x0000000706000000, 0x0000000706000000| Untracked 
|  15|0x0000000706200000, 0x0000000706200000, 0x0000000706400000|  0%| F|  |TAMS 0x0000000706200000, 0x0000000706200000| Untracked 
|  16|0x0000000706400000, 0x0000000706400000, 0x0000000706600000|  0%| F|  |TAMS 0x0000000706400000, 0x0000000706400000| Untracked 
|  17|0x0000000706600000, 0x0000000706600000, 0x0000000706800000|  0%| F|  |TAMS 0x0000000706600000, 0x0000000706600000| Untracked 
|  18|0x0000000706800000, 0x0000000706800000, 0x0000000706a00000|  0%| F|  |TAMS 0x0000000706800000, 0x0000000706800000| Untracked 
|  19|0x0000000706a00000, 0x0000000706a00000, 0x0000000706c00000|  0%| F|  |TAMS 0x0000000706a00000, 0x0000000706a00000| Untracked 
|  20|0x0000000706c00000, 0x0000000706c00000, 0x0000000706e00000|  0%| F|  |TAMS 0x0000000706c00000, 0x0000000706c00000| Untracked 
|  21|0x0000000706e00000, 0x0000000706e00000, 0x0000000707000000|  0%| F|  |TAMS 0x0000000706e00000, 0x0000000706e00000| Untracked 
|  22|0x0000000707000000, 0x0000000707000000, 0x0000000707200000|  0%| F|  |TAMS 0x0000000707000000, 0x0000000707000000| Untracked 
|  23|0x0000000707200000, 0x0000000707200000, 0x0000000707400000|  0%| F|  |TAMS 0x0000000707200000, 0x0000000707200000| Untracked 
|  24|0x0000000707400000, 0x0000000707400000, 0x0000000707600000|  0%| F|  |TAMS 0x0000000707400000, 0x0000000707400000| Untracked 
|  25|0x0000000707600000, 0x0000000707600000, 0x0000000707800000|  0%| F|  |TAMS 0x0000000707600000, 0x0000000707600000| Untracked 
|  26|0x0000000707800000, 0x0000000707800000, 0x0000000707a00000|  0%| F|  |TAMS 0x0000000707800000, 0x0000000707800000| Untracked 
|  27|0x0000000707a00000, 0x0000000707a00000, 0x0000000707c00000|  0%| F|  |TAMS 0x0000000707a00000, 0x0000000707a00000| Untracked 
|  28|0x0000000707c00000, 0x0000000707c00000, 0x0000000707e00000|  0%| F|  |TAMS 0x0000000707c00000, 0x0000000707c00000| Untracked 
|  29|0x0000000707e00000, 0x0000000707e00000, 0x0000000708000000|  0%| F|  |TAMS 0x0000000707e00000, 0x0000000707e00000| Untracked 
|  30|0x0000000708000000, 0x0000000708000000, 0x0000000708200000|  0%| F|  |TAMS 0x0000000708000000, 0x0000000708000000| Untracked 
|  31|0x0000000708200000, 0x0000000708200000, 0x0000000708400000|  0%| F|  |TAMS 0x0000000708200000, 0x0000000708200000| Untracked 
|  32|0x0000000708400000, 0x0000000708400000, 0x0000000708600000|  0%| F|  |TAMS 0x0000000708400000, 0x0000000708400000| Untracked 
|  33|0x0000000708600000, 0x0000000708600000, 0x0000000708800000|  0%| F|  |TAMS 0x0000000708600000, 0x0000000708600000| Untracked 
|  34|0x0000000708800000, 0x0000000708800000, 0x0000000708a00000|  0%| F|  |TAMS 0x0000000708800000, 0x0000000708800000| Untracked 
|  35|0x0000000708a00000, 0x0000000708a00000, 0x0000000708c00000|  0%| F|  |TAMS 0x0000000708a00000, 0x0000000708a00000| Untracked 
|  36|0x0000000708c00000, 0x0000000708c00000, 0x0000000708e00000|  0%| F|  |TAMS 0x0000000708c00000, 0x0000000708c00000| Untracked 
|  37|0x0000000708e00000, 0x0000000708e00000, 0x0000000709000000|  0%| F|  |TAMS 0x0000000708e00000, 0x0000000708e00000| Untracked 
|  38|0x0000000709000000, 0x0000000709000000, 0x0000000709200000|  0%| F|  |TAMS 0x0000000709000000, 0x0000000709000000| Untracked 
|  39|0x0000000709200000, 0x0000000709200000, 0x0000000709400000|  0%| F|  |TAMS 0x0000000709200000, 0x0000000709200000| Untracked 
|  40|0x0000000709400000, 0x0000000709400000, 0x0000000709600000|  0%| F|  |TAMS 0x0000000709400000, 0x0000000709400000| Untracked 
|  41|0x0000000709600000, 0x0000000709600000, 0x0000000709800000|  0%| F|  |TAMS 0x0000000709600000, 0x0000000709600000| Untracked 
|  42|0x0000000709800000, 0x0000000709800000, 0x0000000709a00000|  0%| F|  |TAMS 0x0000000709800000, 0x0000000709800000| Untracked 
|  43|0x0000000709a00000, 0x0000000709a00000, 0x0000000709c00000|  0%| F|  |TAMS 0x0000000709a00000, 0x0000000709a00000| Untracked 
|  44|0x0000000709c00000, 0x0000000709c00000, 0x0000000709e00000|  0%| F|  |TAMS 0x0000000709c00000, 0x0000000709c00000| Untracked 
|  45|0x0000000709e00000, 0x0000000709e00000, 0x000000070a000000|  0%| F|  |TAMS 0x0000000709e00000, 0x0000000709e00000| Untracked 
|  46|0x000000070a000000, 0x000000070a000000, 0x000000070a200000|  0%| F|  |TAMS 0x000000070a000000, 0x000000070a000000| Untracked 
|  47|0x000000070a200000, 0x000000070a200000, 0x000000070a400000|  0%| F|  |TAMS 0x000000070a200000, 0x000000070a200000| Untracked 
|  48|0x000000070a400000, 0x000000070a400000, 0x000000070a600000|  0%| F|  |TAMS 0x000000070a400000, 0x000000070a400000| Untracked 
|  49|0x000000070a600000, 0x000000070a600000, 0x000000070a800000|  0%| F|  |TAMS 0x000000070a600000, 0x000000070a600000| Untracked 
|  50|0x000000070a800000, 0x000000070a800000, 0x000000070aa00000|  0%| F|  |TAMS 0x000000070a800000, 0x000000070a800000| Untracked 
|  51|0x000000070aa00000, 0x000000070aa00000, 0x000000070ac00000|  0%| F|  |TAMS 0x000000070aa00000, 0x000000070aa00000| Untracked 
|  52|0x000000070ac00000, 0x000000070ac00000, 0x000000070ae00000|  0%| F|  |TAMS 0x000000070ac00000, 0x000000070ac00000| Untracked 
|  53|0x000000070ae00000, 0x000000070ae00000, 0x000000070b000000|  0%| F|  |TAMS 0x000000070ae00000, 0x000000070ae00000| Untracked 
|  54|0x000000070b000000, 0x000000070b000000, 0x000000070b200000|  0%| F|  |TAMS 0x000000070b000000, 0x000000070b000000| Untracked 
|  55|0x000000070b200000, 0x000000070b200000, 0x000000070b400000|  0%| F|  |TAMS 0x000000070b200000, 0x000000070b200000| Untracked 
|  56|0x000000070b400000, 0x000000070b400000, 0x000000070b600000|  0%| F|  |TAMS 0x000000070b400000, 0x000000070b400000| Untracked 
|  57|0x000000070b600000, 0x000000070b600000, 0x000000070b800000|  0%| F|  |TAMS 0x000000070b600000, 0x000000070b600000| Untracked 
|  58|0x000000070b800000, 0x000000070b800000, 0x000000070ba00000|  0%| F|  |TAMS 0x000000070b800000, 0x000000070b800000| Untracked 
|  59|0x000000070ba00000, 0x000000070ba00000, 0x000000070bc00000|  0%| F|  |TAMS 0x000000070ba00000, 0x000000070ba00000| Untracked 
|  60|0x000000070bc00000, 0x000000070bc00000, 0x000000070be00000|  0%| F|  |TAMS 0x000000070bc00000, 0x000000070bc00000| Untracked 
|  61|0x000000070be00000, 0x000000070be00000, 0x000000070c000000|  0%| F|  |TAMS 0x000000070be00000, 0x000000070be00000| Untracked 
|  62|0x000000070c000000, 0x000000070c000000, 0x000000070c200000|  0%| F|  |TAMS 0x000000070c000000, 0x000000070c000000| Untracked 
|  63|0x000000070c200000, 0x000000070c200000, 0x000000070c400000|  0%| F|  |TAMS 0x000000070c200000, 0x000000070c200000| Untracked 
|  64|0x000000070c400000, 0x000000070c400000, 0x000000070c600000|  0%| F|  |TAMS 0x000000070c400000, 0x000000070c400000| Untracked 
|  65|0x000000070c600000, 0x000000070c600000, 0x000000070c800000|  0%| F|  |TAMS 0x000000070c600000, 0x000000070c600000| Untracked 
|  66|0x000000070c800000, 0x000000070c800000, 0x000000070ca00000|  0%| F|  |TAMS 0x000000070c800000, 0x000000070c800000| Untracked 
|  67|0x000000070ca00000, 0x000000070ca00000, 0x000000070cc00000|  0%| F|  |TAMS 0x000000070ca00000, 0x000000070ca00000| Untracked 
|  68|0x000000070cc00000, 0x000000070cc00000, 0x000000070ce00000|  0%| F|  |TAMS 0x000000070cc00000, 0x000000070cc00000| Untracked 
|  69|0x000000070ce00000, 0x000000070ce00000, 0x000000070d000000|  0%| F|  |TAMS 0x000000070ce00000, 0x000000070ce00000| Untracked 
|  70|0x000000070d000000, 0x000000070d000000, 0x000000070d200000|  0%| F|  |TAMS 0x000000070d000000, 0x000000070d000000| Untracked 
|  71|0x000000070d200000, 0x000000070d200000, 0x000000070d400000|  0%| F|  |TAMS 0x000000070d200000, 0x000000070d200000| Untracked 
|  72|0x000000070d400000, 0x000000070d400000, 0x000000070d600000|  0%| F|  |TAMS 0x000000070d400000, 0x000000070d400000| Untracked 
|  73|0x000000070d600000, 0x000000070d600000, 0x000000070d800000|  0%| F|  |TAMS 0x000000070d600000, 0x000000070d600000| Untracked 
|  74|0x000000070d800000, 0x000000070d800000, 0x000000070da00000|  0%| F|  |TAMS 0x000000070d800000, 0x000000070d800000| Untracked 
|  75|0x000000070da00000, 0x000000070da00000, 0x000000070dc00000|  0%| F|  |TAMS 0x000000070da00000, 0x000000070da00000| Untracked 
|  76|0x000000070dc00000, 0x000000070dc00000, 0x000000070de00000|  0%| F|  |TAMS 0x000000070dc00000, 0x000000070dc00000| Untracked 
|  77|0x000000070de00000, 0x000000070de00000, 0x000000070e000000|  0%| F|  |TAMS 0x000000070de00000, 0x000000070de00000| Untracked 
|  78|0x000000070e000000, 0x000000070e000000, 0x000000070e200000|  0%| F|  |TAMS 0x000000070e000000, 0x000000070e000000| Untracked 
|  79|0x000000070e200000, 0x000000070e200000, 0x000000070e400000|  0%| F|  |TAMS 0x000000070e200000, 0x000000070e200000| Untracked 
|  80|0x000000070e400000, 0x000000070e400000, 0x000000070e600000|  0%| F|  |TAMS 0x000000070e400000, 0x000000070e400000| Untracked 
|  81|0x000000070e600000, 0x000000070e600000, 0x000000070e800000|  0%| F|  |TAMS 0x000000070e600000, 0x000000070e600000| Untracked 
|  82|0x000000070e800000, 0x000000070e800000, 0x000000070ea00000|  0%| F|  |TAMS 0x000000070e800000, 0x000000070e800000| Untracked 
|  83|0x000000070ea00000, 0x000000070ea00000, 0x000000070ec00000|  0%| F|  |TAMS 0x000000070ea00000, 0x000000070ea00000| Untracked 
|  84|0x000000070ec00000, 0x000000070ec00000, 0x000000070ee00000|  0%| F|  |TAMS 0x000000070ec00000, 0x000000070ec00000| Untracked 
|  85|0x000000070ee00000, 0x000000070ee00000, 0x000000070f000000|  0%| F|  |TAMS 0x000000070ee00000, 0x000000070ee00000| Untracked 
|  86|0x000000070f000000, 0x000000070f000000, 0x000000070f200000|  0%| F|  |TAMS 0x000000070f000000, 0x000000070f000000| Untracked 
|  87|0x000000070f200000, 0x000000070f200000, 0x000000070f400000|  0%| F|  |TAMS 0x000000070f200000, 0x000000070f200000| Untracked 
|  88|0x000000070f400000, 0x000000070f400000, 0x000000070f600000|  0%| F|  |TAMS 0x000000070f400000, 0x000000070f400000| Untracked 
|  89|0x000000070f600000, 0x000000070f600000, 0x000000070f800000|  0%| F|  |TAMS 0x000000070f600000, 0x000000070f600000| Untracked 
|  90|0x000000070f800000, 0x000000070f800000, 0x000000070fa00000|  0%| F|  |TAMS 0x000000070f800000, 0x000000070f800000| Untracked 
|  91|0x000000070fa00000, 0x000000070fa00000, 0x000000070fc00000|  0%| F|  |TAMS 0x000000070fa00000, 0x000000070fa00000| Untracked 
|  92|0x000000070fc00000, 0x000000070fc00000, 0x000000070fe00000|  0%| F|  |TAMS 0x000000070fc00000, 0x000000070fc00000| Untracked 
|  93|0x000000070fe00000, 0x000000070fe00000, 0x0000000710000000|  0%| F|  |TAMS 0x000000070fe00000, 0x000000070fe00000| Untracked 
|  94|0x0000000710000000, 0x0000000710000000, 0x0000000710200000|  0%| F|  |TAMS 0x0000000710000000, 0x0000000710000000| Untracked 
|  95|0x0000000710200000, 0x0000000710200000, 0x0000000710400000|  0%| F|  |TAMS 0x0000000710200000, 0x0000000710200000| Untracked 
|  96|0x0000000710400000, 0x0000000710400000, 0x0000000710600000|  0%| F|  |TAMS 0x0000000710400000, 0x0000000710400000| Untracked 
|  97|0x0000000710600000, 0x0000000710600000, 0x0000000710800000|  0%| F|  |TAMS 0x0000000710600000, 0x0000000710600000| Untracked 
|  98|0x0000000710800000, 0x0000000710800000, 0x0000000710a00000|  0%| F|  |TAMS 0x0000000710800000, 0x0000000710800000| Untracked 
|  99|0x0000000710a00000, 0x0000000710a00000, 0x0000000710c00000|  0%| F|  |TAMS 0x0000000710a00000, 0x0000000710a00000| Untracked 
| 100|0x0000000710c00000, 0x0000000710c00000, 0x0000000710e00000|  0%| F|  |TAMS 0x0000000710c00000, 0x0000000710c00000| Untracked 
| 101|0x0000000710e00000, 0x0000000710e00000, 0x0000000711000000|  0%| F|  |TAMS 0x0000000710e00000, 0x0000000710e00000| Untracked 
| 102|0x0000000711000000, 0x0000000711000000, 0x0000000711200000|  0%| F|  |TAMS 0x0000000711000000, 0x0000000711000000| Untracked 
| 103|0x0000000711200000, 0x0000000711200000, 0x0000000711400000|  0%| F|  |TAMS 0x0000000711200000, 0x0000000711200000| Untracked 
| 104|0x0000000711400000, 0x0000000711400000, 0x0000000711600000|  0%| F|  |TAMS 0x0000000711400000, 0x0000000711400000| Untracked 
| 105|0x0000000711600000, 0x0000000711600000, 0x0000000711800000|  0%| F|  |TAMS 0x0000000711600000, 0x0000000711600000| Untracked 
| 106|0x0000000711800000, 0x0000000711800000, 0x0000000711a00000|  0%| F|  |TAMS 0x0000000711800000, 0x0000000711800000| Untracked 
| 107|0x0000000711a00000, 0x0000000711a00000, 0x0000000711c00000|  0%| F|  |TAMS 0x0000000711a00000, 0x0000000711a00000| Untracked 
| 108|0x0000000711c00000, 0x0000000711c00000, 0x0000000711e00000|  0%| F|  |TAMS 0x0000000711c00000, 0x0000000711c00000| Untracked 
| 109|0x0000000711e00000, 0x0000000711e00000, 0x0000000712000000|  0%| F|  |TAMS 0x0000000711e00000, 0x0000000711e00000| Untracked 
| 110|0x0000000712000000, 0x0000000712000000, 0x0000000712200000|  0%| F|  |TAMS 0x0000000712000000, 0x0000000712000000| Untracked 
| 111|0x0000000712200000, 0x0000000712200000, 0x0000000712400000|  0%| F|  |TAMS 0x0000000712200000, 0x0000000712200000| Untracked 
| 112|0x0000000712400000, 0x0000000712400000, 0x0000000712600000|  0%| F|  |TAMS 0x0000000712400000, 0x0000000712400000| Untracked 
| 113|0x0000000712600000, 0x0000000712600000, 0x0000000712800000|  0%| F|  |TAMS 0x0000000712600000, 0x0000000712600000| Untracked 
| 114|0x0000000712800000, 0x0000000712800000, 0x0000000712a00000|  0%| F|  |TAMS 0x0000000712800000, 0x0000000712800000| Untracked 
| 115|0x0000000712a00000, 0x0000000712a00000, 0x0000000712c00000|  0%| F|  |TAMS 0x0000000712a00000, 0x0000000712a00000| Untracked 
| 116|0x0000000712c00000, 0x0000000712c00000, 0x0000000712e00000|  0%| F|  |TAMS 0x0000000712c00000, 0x0000000712c00000| Untracked 
| 117|0x0000000712e00000, 0x0000000712e00000, 0x0000000713000000|  0%| F|  |TAMS 0x0000000712e00000, 0x0000000712e00000| Untracked 
| 118|0x0000000713000000, 0x0000000713000000, 0x0000000713200000|  0%| F|  |TAMS 0x0000000713000000, 0x0000000713000000| Untracked 
| 119|0x0000000713200000, 0x0000000713200000, 0x0000000713400000|  0%| F|  |TAMS 0x0000000713200000, 0x0000000713200000| Untracked 
| 120|0x0000000713400000, 0x0000000713400000, 0x0000000713600000|  0%| F|  |TAMS 0x0000000713400000, 0x0000000713400000| Untracked 
| 121|0x0000000713600000, 0x0000000713600000, 0x0000000713800000|  0%| F|  |TAMS 0x0000000713600000, 0x0000000713600000| Untracked 
| 122|0x0000000713800000, 0x0000000713800000, 0x0000000713a00000|  0%| F|  |TAMS 0x0000000713800000, 0x0000000713800000| Untracked 
| 123|0x0000000713a00000, 0x0000000713a00000, 0x0000000713c00000|  0%| F|  |TAMS 0x0000000713a00000, 0x0000000713a00000| Untracked 
| 124|0x0000000713c00000, 0x0000000713d54c48, 0x0000000713e00000| 66%| E|  |TAMS 0x0000000713c00000, 0x0000000713c00000| Complete 
| 125|0x0000000713e00000, 0x0000000714000000, 0x0000000714000000|100%| E|CS|TAMS 0x0000000713e00000, 0x0000000713e00000| Complete 

Card table byte_map: [0x000001e161dc0000,0x000001e1625a0000] _byte_map_base: 0x000001e15e59e000

Marking Bits (Prev, Next): (CMBitMap*) 0x000001e14e96af30, (CMBitMap*) 0x000001e14e96af70
 Prev Bits: [0x000001e162d80000, 0x000001e166c70000)
 Next Bits: [0x000001e166c70000, 0x000001e16ab60000)

Polling page: 0x000001e14c830000

Metaspace:

Usage:
  Non-class:      7.39 MB used.
      Class:    737.32 KB used.
       Both:      8.11 MB used.

Virtual space:
  Non-class space:       64.00 MB reserved,       7.44 MB ( 12%) committed,  1 nodes.
      Class space:        1.00 GB reserved,     832.00 KB ( <1%) committed,  1 nodes.
             Both:        1.06 GB reserved,       8.25 MB ( <1%) committed. 

Chunk freelists:
   Non-Class:  8.47 MB
       Class:  15.23 MB
        Both:  23.70 MB

MaxMetaspaceSize: unlimited
CompressedClassSpaceSize: 1.00 GB
Initial GC threshold: 21.00 MB
Current GC threshold: 21.00 MB
CDS: off
MetaspaceReclaimPolicy: balanced
 - commit_granule_bytes: 65536.
 - commit_granule_words: 8192.
 - virtual_space_node_default_size: 8388608.
 - enlarge_chunks_in_place: 1.
 - new_chunks_are_fully_committed: 0.
 - uncommit_free_chunks: 1.
 - use_allocation_guard: 0.
 - handle_deallocations: 1.


Internal statistics:

num_allocs_failed_limit: 0.
num_arena_births: 8.
num_arena_deaths: 0.
num_vsnodes_births: 2.
num_vsnodes_deaths: 0.
num_space_committed: 132.
num_space_uncommitted: 0.
num_chunks_returned_to_freelist: 0.
num_chunks_taken_from_freelist: 32.
num_chunk_merges: 0.
num_chunk_splits: 16.
num_chunks_enlarged: 11.
num_inconsistent_stats: 0.

CodeHeap 'non-profiled nmethods': size=120000Kb used=69Kb max_used=69Kb free=119930Kb
 bounds [0x000001e159b50000, 0x000001e159dc0000, 0x000001e161080000]
CodeHeap 'profiled nmethods': size=120000Kb used=273Kb max_used=273Kb free=119726Kb
 bounds [0x000001e152080000, 0x000001e1522f0000, 0x000001e1595b0000]
CodeHeap 'non-nmethods': size=5760Kb used=1129Kb max_used=1143Kb free=4630Kb
 bounds [0x000001e1595b0000, 0x000001e159820000, 0x000001e159b50000]
 total_blobs=648 nmethods=236 adapters=325
 compilation: enabled
              stopped_count=0, restarted_count=0
 full_count=0

Compilation events (20 events):
Event: 0.215 Thread 0x000001e16d9e5f80 nmethod 219 0x000001e1520c1a90 code [0x000001e1520c1c40, 0x000001e1520c1e18]
Event: 0.215 Thread 0x000001e16d9e5f80  223       3       java.util.AbstractSet::<init> (5 bytes)
Event: 0.215 Thread 0x000001e16d9e5f80 nmethod 223 0x000001e1520c1f10 code [0x000001e1520c20c0, 0x000001e1520c2278]
Event: 0.215 Thread 0x000001e16d9e5f80  225       3       java.lang.String::toLowerCase (29 bytes)
Event: 0.215 Thread 0x000001e16d9e5f80 nmethod 225 0x000001e1520c2390 code [0x000001e1520c2560, 0x000001e1520c2838]
Event: 0.215 Thread 0x000001e16d9e5f80  229       3       java.util.Collections::emptyIterator (4 bytes)
Event: 0.215 Thread 0x000001e16d9e5f80 nmethod 229 0x000001e1520c2910 code [0x000001e1520c2aa0, 0x000001e1520c2b98]
Event: 0.215 Thread 0x000001e16d9e5f80  230       3       java.util.Collections$EmptyList::iterator (4 bytes)
Event: 0.215 Thread 0x000001e16d9e5f80 nmethod 230 0x000001e1520c2c10 code [0x000001e1520c2da0, 0x000001e1520c2f18]
Event: 0.217 Thread 0x000001e16dc0a860 nmethod 228 0x000001e159b60890 code [0x000001e159b60a20, 0x000001e159b60e78]
Event: 0.217 Thread 0x000001e16d9e5f80  231       3       java.lang.StringBuilder::append (9 bytes)
Event: 0.217 Thread 0x000001e16d9e5f80 nmethod 231 0x000001e1520c3010 code [0x000001e1520c31e0, 0x000001e1520c3518]
Event: 0.217 Thread 0x000001e16d9e5f80  232       3       java.security.Provider$UString::<init> (21 bytes)
Event: 0.218 Thread 0x000001e16d9e5f80 nmethod 232 0x000001e1520c3690 code [0x000001e1520c3860, 0x000001e1520c3cb8]
Event: 0.225 Thread 0x000001e16d9e5f80  234       3       jdk.internal.org.objectweb.asm.SymbolTable::get (13 bytes)
Event: 0.226 Thread 0x000001e16d9e5f80 nmethod 234 0x000001e1520c3e10 code [0x000001e1520c3fa0, 0x000001e1520c40f8]
Event: 0.226 Thread 0x000001e16d9e5f80  235       1       java.lang.invoke.MethodType::form (5 bytes)
Event: 0.226 Thread 0x000001e16d9e5f80 nmethod 235 0x000001e159b61310 code [0x000001e159b614a0, 0x000001e159b61578]
Event: 0.226 Thread 0x000001e16d9e5f80  236       3       java.util.regex.Pattern::has (15 bytes)
Event: 0.226 Thread 0x000001e16d9e5f80 nmethod 236 0x000001e1520c4210 code [0x000001e1520c43a0, 0x000001e1520c4518]

GC Heap History (0 events):
No events

Dll operation events (1 events):
Event: 0.010 Loaded shared library C:\Program Files\JetBrains\PyCharm Community Edition 2023.2.5\jbr\bin\java.dll

Deoptimization events (0 events):
No events

Classes unloaded (0 events):
No events

Classes redefined (0 events):
No events

Internal exceptions (1 events):
Event: 0.221 Thread 0x000001e14e9044c0 Exception <a 'sun/nio/fs/WindowsException'{0x0000000713d45990}> (0x0000000713d45990) 
thrown [s\src\hotspot\share\prims\jni.cpp, line 517]

VM Operations (4 events):
Event: 0.110 Executing VM operation: HandshakeAllThreads
Event: 0.110 Executing VM operation: HandshakeAllThreads done
Event: 0.122 Executing VM operation: HandshakeAllThreads
Event: 0.122 Executing VM operation: HandshakeAllThreads done

Events (20 events):
Event: 0.231 loading class java/nio/channels/SeekableByteChannel
Event: 0.231 loading class java/nio/channels/ByteChannel
Event: 0.231 loading class java/nio/channels/ReadableByteChannel
Event: 0.231 loading class java/nio/channels/Channel
Event: 0.231 loading class java/nio/channels/Channel done
Event: 0.231 loading class java/nio/channels/ReadableByteChannel done
Event: 0.231 loading class java/nio/channels/WritableByteChannel
Event: 0.231 loading class java/nio/channels/WritableByteChannel done
Event: 0.231 loading class java/nio/channels/ByteChannel done
Event: 0.231 loading class java/nio/channels/SeekableByteChannel done
Event: 0.231 loading class java/nio/channels/GatheringByteChannel
Event: 0.231 loading class java/nio/channels/GatheringByteChannel done
Event: 0.232 loading class java/nio/channels/ScatteringByteChannel
Event: 0.232 loading class java/nio/channels/ScatteringByteChannel done
Event: 0.232 loading class java/nio/channels/spi/AbstractInterruptibleChannel
Event: 0.232 loading class java/nio/channels/InterruptibleChannel
Event: 0.232 loading class java/nio/channels/InterruptibleChannel done
Event: 0.232 loading class java/nio/channels/spi/AbstractInterruptibleChannel done
Event: 0.232 loading class java/nio/channels/FileChannel done
Event: 0.232 loading class sun/nio/ch/FileChannelImpl done


Dynamic libraries:
0x00007ff77a2d0000 - 0x00007ff77a2da000 	C:\Program Files\JetBrains\PyCharm Community Edition 2023.2.5\jbr\bin\java.exe
0x00007ff922490000 - 0x00007ff922688000 	C:\Windows\SYSTEM32\ntdll.dll
0x00007ff920820000 - 0x00007ff9208dd000 	C:\Windows\System32\KERNEL32.DLL
0x00007ff91fd00000 - 0x00007ff91fff6000 	C:\Windows\System32\KERNELBASE.dll
0x00007ff920000000 - 0x00007ff920100000 	C:\Windows\System32\ucrtbase.dll
0x00007ff8fb300000 - 0x00007ff8fb317000 	C:\Program Files\JetBrains\PyCharm Community Edition 2023.2.5\jbr\bin\jli.dll
0x00007ff900070000 - 0x00007ff90008b000 	C:\Program Files\JetBrains\PyCharm Community Edition 2023.2.5\jbr\bin\VCRUNTIME140.dll
0x00007ff9208e0000 - 0x00007ff920a7f000 	C:\Windows\System32\USER32.dll
0x00007ff920490000 - 0x00007ff9204b2000 	C:\Windows\System32\win32u.dll
0x00007ff921be0000 - 0x00007ff921c0b000 	C:\Windows\System32\GDI32.dll
0x00007ff91fb40000 - 0x00007ff91fc57000 	C:\Windows\System32\gdi32full.dll
0x00007ff920100000 - 0x00007ff92019d000 	C:\Windows\System32\msvcp_win.dll
0x00007ff9066c0000 - 0x00007ff90695a000 	C:\Windows\WinSxS\amd64_microsoft.windows.common-controls_6595b64144ccf1df_6.0.19041.4355_none_60b8b9eb71f62e16\COMCTL32.dll
0x00007ff920670000 - 0x00007ff92070e000 	C:\Windows\System32\msvcrt.dll
0x00007ff922310000 - 0x00007ff922342000 	C:\Windows\System32\IMM32.DLL
0x00007ff9193d0000 - 0x00007ff9193dc000 	C:\Program Files\JetBrains\PyCharm Community Edition 2023.2.5\jbr\bin\vcruntime140_1.dll
0x00007ff8ea530000 - 0x00007ff8ea5bd000 	C:\Program Files\JetBrains\PyCharm Community Edition 2023.2.5\jbr\bin\msvcp140.dll
0x00007ff8c6160000 - 0x00007ff8c6de3000 	C:\Program Files\JetBrains\PyCharm Community Edition 2023.2.5\jbr\bin\server\jvm.dll
0x00007ff920ca0000 - 0x00007ff920d50000 	C:\Windows\System32\ADVAPI32.dll
0x00007ff922350000 - 0x00007ff9223f0000 	C:\Windows\System32\sechost.dll
0x00007ff920530000 - 0x00007ff920653000 	C:\Windows\System32\RPCRT4.dll
0x00007ff91fcd0000 - 0x00007ff91fcf7000 	C:\Windows\System32\bcrypt.dll
0x00007ff9193c0000 - 0x00007ff9193c9000 	C:\Windows\SYSTEM32\WSOCK32.dll
0x00007ff9178e0000 - 0x00007ff9178ea000 	C:\Windows\SYSTEM32\VERSION.dll
0x00007ff9204c0000 - 0x00007ff92052b000 	C:\Windows\System32\WS2_32.dll
0x00007ff91d870000 - 0x00007ff91d897000 	C:\Windows\SYSTEM32\WINMM.dll
0x00007ff91f0c0000 - 0x00007ff91f10b000 	C:\Windows\SYSTEM32\POWRPROF.dll
0x00007ff91ef30000 - 0x00007ff91ef42000 	C:\Windows\SYSTEM32\UMPDC.dll
0x00007ff91e3a0000 - 0x00007ff91e3b2000 	C:\Windows\SYSTEM32\kernel.appcore.dll
0x00007ff9141b0000 - 0x00007ff9141ba000 	C:\Program Files\JetBrains\PyCharm Community Edition 2023.2.5\jbr\bin\jimage.dll
0x00007ff91d680000 - 0x00007ff91d864000 	C:\Windows\SYSTEM32\DBGHELP.DLL
0x00007ff91d640000 - 0x00007ff91d674000 	C:\Windows\SYSTEM32\dbgcore.DLL
0x00007ff920400000 - 0x00007ff920482000 	C:\Windows\System32\bcryptPrimitives.dll
0x00007ff900a10000 - 0x00007ff900a35000 	C:\Program Files\JetBrains\PyCharm Community Edition 2023.2.5\jbr\bin\java.dll
0x00007ff9139f0000 - 0x00007ff913a08000 	C:\Program Files\JetBrains\PyCharm Community Edition 2023.2.5\jbr\bin\zip.dll
0x00007ff920f60000 - 0x00007ff9216cb000 	C:\Windows\System32\SHELL32.dll
0x00007ff91dba0000 - 0x00007ff91e33d000 	C:\Windows\SYSTEM32\windows.storage.dll
0x00007ff921880000 - 0x00007ff921bd3000 	C:\Windows\System32\combase.dll
0x00007ff91f560000 - 0x00007ff91f58e000 	C:\Windows\SYSTEM32\Wldp.dll
0x00007ff920d50000 - 0x00007ff920e1d000 	C:\Windows\System32\OLEAUT32.dll
0x00007ff920710000 - 0x00007ff9207bd000 	C:\Windows\System32\SHCORE.dll
0x00007ff9223f0000 - 0x00007ff922445000 	C:\Windows\System32\shlwapi.dll
0x00007ff91fa70000 - 0x00007ff91fa94000 	C:\Windows\SYSTEM32\profapi.dll
0x00007ff905490000 - 0x00007ff9054a9000 	C:\Program Files\JetBrains\PyCharm Community Edition 2023.2.5\jbr\bin\net.dll
0x00007ff919f50000 - 0x00007ff91a05a000 	C:\Windows\SYSTEM32\WINHTTP.dll
0x00007ff91f2c0000 - 0x00007ff91f32a000 	C:\Windows\system32\mswsock.dll
0x00007ff900050000 - 0x00007ff900066000 	C:\Program Files\JetBrains\PyCharm Community Edition 2023.2.5\jbr\bin\nio.dll
0x00007ff912df0000 - 0x00007ff912dfe000 	C:\Program Files\JetBrains\PyCharm Community Edition 2023.2.5\jbr\bin\sunmscapi.dll
0x00007ff9201a0000 - 0x00007ff9202fe000 	C:\Windows\System32\CRYPT32.dll
0x00007ff91f5d0000 - 0x00007ff91f5f9000 	C:\Windows\SYSTEM32\ncrypt.dll
0x00007ff91f590000 - 0x00007ff91f5cb000 	C:\Windows\SYSTEM32\NTASN1.dll

dbghelp: loaded successfully - version: 4.0.5 - missing functions: none
symbol engine: initialized successfully - sym options: 0x614 - pdb path: .;C:\Program Files\JetBrains\PyCharm Community Edition 2023.2.5\jbr\bin;C:\Windows\SYSTEM32;C:\Windows\WinSxS\amd64_microsoft.windows.common-controls_6595b64144ccf1df_6.0.19041.4355_none_60b8b9eb71f62e16;C:\Program Files\JetBrains\PyCharm Community Edition 2023.2.5\jbr\bin\server

VM Arguments:
java_command: git4idea.http.GitAskPassApp Username for 'https://github.com': 
java_class_path (initial): C:/Program Files/JetBrains/PyCharm Community Edition 2023.2.5/plugins/vcs-git/lib/git4idea-rt.jar;C:/Program Files/JetBrains/PyCharm Community Edition 2023.2.5/lib/externalProcess-rt.jar
Launcher Type: SUN_STANDARD

[Global flags]
     intx CICompilerCount                          = 4                                         {product} {ergonomic}
     uint ConcGCThreads                            = 3                                         {product} {ergonomic}
     uint G1ConcRefinementThreads                  = 10                                        {product} {ergonomic}
   size_t G1HeapRegionSize                         = 2097152                                   {product} {ergonomic}
    uintx GCDrainStackTargetSize                   = 64                                        {product} {ergonomic}
   size_t InitialHeapSize                          = 264241152                                 {product} {ergonomic}
   size_t MarkStackSize                            = 4194304                                   {product} {ergonomic}
   size_t MaxHeapSize                              = 4223664128                                {product} {ergonomic}
   size_t MaxNewSize                               = 2533359616                                {product} {ergonomic}
   size_t MinHeapDeltaBytes                        = 2097152                                   {product} {ergonomic}
   size_t MinHeapSize                              = 8388608                                   {product} {ergonomic}
    uintx NonNMethodCodeHeapSize                   = 5839372                                {pd product} {ergonomic}
    uintx NonProfiledCodeHeapSize                  = 122909434                              {pd product} {ergonomic}
    uintx ProfiledCodeHeapSize                     = 122909434                              {pd product} {ergonomic}
    uintx ReservedCodeCacheSize                    = 251658240                              {pd product} {ergonomic}
     bool SegmentedCodeCache                       = true                                      {product} {ergonomic}
   size_t SoftMaxHeapSize                          = 4223664128                             {manageable} {ergonomic}
     bool UseCompressedClassPointers               = true                           {product lp64_product} {ergonomic}
     bool UseCompressedOops                        = true                           {product lp64_product} {ergonomic}
     bool UseG1GC                                  = true                                      {product} {ergonomic}
     bool UseLargePagesIndividualAllocation        = false                                  {pd product} {ergonomic}

Logging:
Log output configuration:
 #0: stdout all=warning uptime,level,tags
 #1: stderr all=off uptime,level,tags

Environment Variables:
PATH=D:/Git/mingw64/libexec/git-core;D:/Git/mingw64/libexec/git-core;D:\Git\mingw64\bin;D:\Git\usr\bin;C:\Users\User\bin;C:\Program Files\Python38\Scripts\;C:\Program Files\Python38\;C:\Windows\system32;C:\Windows;C:\Windows\System32\Wbem;C:\Windows\System32\WindowsPowerShell\v1.0\;C:\Windows\System32\OpenSSH\;C:\Program Files (x86)\NVIDIA Corporation\PhysX\Common;C:\Program Files\NVIDIA Corporation\NVIDIA NvDLISR;C:\Program Files (x86)\Windows Kits\10\Windows Performance Toolkit\;C:\Program Files\dotnet\;D:\Git\cmd;C:\Program Files\Microsoft SQL Server\150\Tools\Binn\;C:\Program Files\Microsoft SQL Server\Client SDK\ODBC\170\Tools\Binn\;C:\Users\User\scoop\apps\swift\current\Developer\Toolchains\unknown-Asserts-development.xctoolchain\usr\bin;C:\Users\User\scoop\apps\swift\current\Swift\runtime-development\usr\bin;C:\Users\User\scoop\apps\python310\current\Scripts;C:\Users\User\scoop\apps\python310\current;C:\Users\User\scoop\shims;C:\Users\User\AppData\Local\Microsoft\WindowsApps;C:\Users\User\.dotnet\tools
USERNAME=User
DISPLAY=:0.0
LC_ALL=en_US.UTF-8
TERM=xterm-256color
TMPDIR=C:\Users\User\AppData\Local\Temp
OS=Windows_NT
PROCESSOR_IDENTIFIER=Intel64 Family 6 Model 154 Stepping 4, GenuineIntel
TMP=C:\Users\User\AppData\Local\Temp
TEMP=C:\Users\User\AppData\Local\Temp



Periodic native trim disabled

JNI global refs:
JNI global refs: 9, weak refs: 0

JNI global refs memory usage: 843, weak refs: 209

OOME stack traces (most recent first):
Classloader memory used:
Loader bootstrap                                                                       : 1021K
Loader jdk.internal.loader.ClassLoaders$PlatformClassLoader                            : 15089B
Loader jdk.internal.loader.ClassLoaders$AppClassLoader                                 : 1808B


---------------  S Y S T E M  ---------------

OS:
 Windows 10 , 64 bit Build 19041 (10.0.19041.3636)
OS uptime: 2 days 18:17 hours

CPU: total 12 (initial active 12) (12 cores per cpu, 1 threads per core) family 6 model 154 stepping 4 microcode 0x41f, cx8, cmov, fxsr, mmx, 3dnowpref, sse, sse2, sse3, ssse3, sse4.1, sse4.2, popcnt, lzcnt, tsc, tscinvbit, avx, avx2, aes, erms, clmul, bmi1, bmi2, adx, sha, fma, vzeroupper, clflush, clflushopt, clwb
Processor Information for processor 0
  Max Mhz: 1300, Current Mhz: 1300, Mhz Limit: 1300
Processor Information for processor 1
  Max Mhz: 1300, Current Mhz: 1300, Mhz Limit: 1300
Processor Information for processor 2
  Max Mhz: 1300, Current Mhz: 1300, Mhz Limit: 1300
Processor Information for processor 3
  Max Mhz: 1300, Current Mhz: 1300, Mhz Limit: 1300
Processor Information for processor 4
  Max Mhz: 900, Current Mhz: 900, Mhz Limit: 900
Processor Information for processor 5
  Max Mhz: 900, Current Mhz: 900, Mhz Limit: 900
Processor Information for processor 6
  Max Mhz: 900, Current Mhz: 900, Mhz Limit: 900
Processor Information for processor 7
  Max Mhz: 900, Current Mhz: 900, Mhz Limit: 900
Processor Information for processor 8
  Max Mhz: 900, Current Mhz: 900, Mhz Limit: 900
Processor Information for processor 9
  Max Mhz: 900, Current Mhz: 900, Mhz Limit: 900
Processor Information for processor 10
  Max Mhz: 900, Current Mhz: 900, Mhz Limit: 900
Processor Information for processor 11
  Max Mhz: 900, Current Mhz: 900, Mhz Limit: 900

Memory: 4k page, system-wide physical 16108M (2325M free)
TotalPageFile size 32416M (AvailPageFile size 1M)
current process WorkingSet (physical memory assigned to process): 41M, peak: 41M
current process commit charge ("private bytes"): 342M, peak: 343M

vm_info: OpenJDK 64-Bit Server VM (17.0.9+7-b1000.46) for windows-amd64 JRE (17.0.9+7-b1000.46), built on 2023-10-27 by "builduser" with MS VC++ 16.10 / 16.11 (VS2019)

END.
