#
# There is insufficient memory for the Java Runtime Environment to continue.
# Native memory allocation (mmap) failed to map 65536 bytes for Failed to commit metaspace.
# Possible reasons:
#   The system is out of physical RAM or swap space
#   The process is running with CompressedOops enabled, and the Java Heap may be blocking the growth of the native heap
# Possible solutions:
#   Reduce memory load on the system
#   Increase physical memory or swap space
#   Check if swap backing store is full
#   Decrease Java heap size (-Xmx/-Xms)
#   Decrease number of Java threads
#   Decrease Java thread stack sizes (-Xss)
#   Set larger code cache with -XX:ReservedCodeCacheSize=
#   JVM is running with Zero Based Compressed Oops mode in which the Java heap is
#     placed in the first 32GB address space. The Java Heap base address is the
#     maximum limit for the native heap growth. Please use -XX:HeapBaseMinAddress
#     to set the Java Heap base and to place the Java Heap above 32GB virtual address.
# This output file may be truncated or incomplete.
#
#  Out of Memory Error (virtualSpaceNode.cpp:110), pid=29016, tid=21328
#
# JRE version: OpenJDK Runtime Environment JBR-17.0.9+7-1000.46-jcef (17.0.9+7) (build 17.0.9+7-b1000.46)
# Java VM: OpenJDK 64-Bit Server VM JBR-17.0.9+7-1000.46-jcef (17.0.9+7-b1000.46, mixed mode, tiered, compressed oops, compressed class ptrs, g1 gc, windows-amd64)
# No core dump will be written. Minidumps are not enabled by default on client versions of Windows
#

---------------  S U M M A R Y ------------

Command Line: git4idea.http.GitAskPassApp Username for 'https://github.com': 

Host: 12th Gen Intel(R) Core(TM) i5-1235U, 12 cores, 15G,  Windows 10 , 64 bit Build 19041 (10.0.19041.3636)
Time: Mon May 20 17:59:47 2024 FLE Daylight Time elapsed time: 0.247456 seconds (0d 0h 0m 0s)

---------------  T H R E A D  ---------------

Current thread (0x000001ef74e90ca0):  JavaThread "main" [_thread_in_vm, id=21328, stack(0x0000006e77a00000,0x0000006e77b00000)]

Stack: [0x0000006e77a00000,0x0000006e77b00000]
Native frames: (J=compiled Java code, j=interpreted, Vv=VM code, C=native code)
V  [jvm.dll+0x6886e9]
V  [jvm.dll+0x841e4a]
V  [jvm.dll+0x843a8e]
V  [jvm.dll+0x8440f3]
V  [jvm.dll+0x24c14f]
V  [jvm.dll+0x83ce2b]
V  [jvm.dll+0x62cae6]
V  [jvm.dll+0x1c2f6e]
V  [jvm.dll+0x62f441]
V  [jvm.dll+0x62d486]
V  [jvm.dll+0x23fe0f]
V  [jvm.dll+0x637335]
V  [jvm.dll+0x1ef15b]
V  [jvm.dll+0x1ef695]
V  [jvm.dll+0x1f0035]
V  [jvm.dll+0x1e54cc]
V  [jvm.dll+0x54e1bc]
V  [jvm.dll+0x1f607b]
V  [jvm.dll+0x7ba54b]
V  [jvm.dll+0x7bb9bc]
V  [jvm.dll+0x7bbd08]
V  [jvm.dll+0x243bae]
V  [jvm.dll+0x3882ce]
C  0x000001ef0754b704

The last pc belongs to new (printed below).
Java frames: (J=compiled Java code, j=interpreted, Vv=VM code)
j  java.util.Formatter.parse(Ljava/lang/String;)Ljava/util/List;+119 java.base@17.0.9
j  java.util.Formatter.format(Ljava/util/Locale;Ljava/lang/String;[Ljava/lang/Object;)Ljava/util/Formatter;+12 java.base@17.0.9
j  java.util.Formatter.format(Ljava/lang/String;[Ljava/lang/Object;)Ljava/util/Formatter;+7 java.base@17.0.9
j  java.lang.String.format(Ljava/lang/String;[Ljava/lang/Object;)Ljava/lang/String;+9 java.base@17.0.9
j  externalApp.ExternalAppUtil.sendIdeRequest(Ljava/lang/String;ILjava/lang/String;Ljava/lang/String;)LexternalApp/ExternalAppUtil$Result;+113
j  git4idea.http.GitAskPassApp.main([Ljava/lang/String;)V+37
v  ~StubRoutines::call_stub
new  187 new  [0x000001ef0754b560, 0x000001ef0754b780]  544 bytes
[MachCode]
  0x000001ef0754b560: 4883 ec08 | c5fa 1104 | 24eb 1f48 | 83ec 10c5 | fb11 0424 | eb14 4883 | ec10 4889 | 0424 48c7 
  0x000001ef0754b580: 4424 0800 | 0000 00eb | 0150 410f | b755 010f | cac1 ea10 | 488b 4de8 | 488b 4908 | 488b 4908 
  0x000001ef0754b5a0: 488b 4108 | 807c 1004 | 070f 85df | 0000 0066 | 8b54 d148 | 488b 4928 | 488b 4cd1 | 0851 80b9 
  0x000001ef0754b5c0: 5b01 0000 | 040f 85c2 | 0000 008b | 5108 f7c2 | 0100 0000 | 0f85 b300 | 0000 498b | 8708 0100 
  0x000001ef0754b5e0: 0048 8d1c | 1049 3b9f | 1801 0000 | 0f87 9b00 | 0000 4989 | 9f08 0100 | 00e9 0000 | 0000 4883 
  0x000001ef0754b600: ea10 0f84 | 0f00 0000 | 33c9 c1ea | 0348 894c | d008 48ff | ca75 f648 | c700 0100 | 0000 5933 
  0x000001ef0754b620: f689 700c | 49ba 0000 | 0000 0800 | 0000 492b | ca89 4808 | 49ba 3e39 | cfc6 f87f | 0000 4180 
  0x000001ef0754b640: 3a00 0f84 | 4000 0000 | 5048 8bc8 | 4883 ec20 | f7c4 0f00 | 0000 0f84 | 1a00 0000 | 4883 ec08 
  0x000001ef0754b660: 49ba f0ec | 84c6 f87f | 0000 41ff | d248 83c4 | 08e9 0d00 | 0000 49ba | f0ec 84c6 | f87f 0000 
  0x000001ef0754b680: 41ff d248 | 83c4 2058 | e9cd 0000 | 0059 488b | 55e8 488b | 5208 488b | 5208 450f | b745 0141 
  0x000001ef0754b6a0: 0fc8 41c1 | e810 e805 | 0000 00e9 | aa00 0000 | 488d 4424 | 084c 896d | c049 8bcf | c5f8 7749 
  0x000001ef0754b6c0: 89af a802 | 0000 4989 | 8798 0200 | 0048 83ec | 20f7 c40f | 0000 000f | 841a 0000 | 0048 83ec 
  0x000001ef0754b6e0: 0849 ba80 | 824e c6f8 | 7f00 0041 | ffd2 4883 | c408 e90d | 0000 0049 | ba80 824e | c6f8 7f00 
  0x000001ef0754b700: 0041 ffd2 | 4883 c420 | 49c7 8798 | 0200 0000 | 0000 0049 | c787 a802 | 0000 0000 | 0000 49c7 
  0x000001ef0754b720: 87a0 0200 | 0000 0000 | 00c5 f877 | 4981 7f08 | 0000 0000 | 0f84 0500 | 0000 e9c1 | 57fe ff49 
  0x000001ef0754b740: 8b87 f002 | 0000 49c7 | 87f0 0200 | 0000 0000 | 004c 8b6d | c04c 8b75 | c8c3 410f | b65d 0349 
  0x000001ef0754b760: 83c5 0349 | ba40 9fd1 | c6f8 7f00 | 0041 ff24 | da0f 1f80 | 0000 0000 | 0000 0000 | 0000 0000 
[/MachCode]

---------------  P R O C E S S  ---------------

Threads class SMR info:
_java_thread_list=0x000001ef19615fe0, length=14, elements={
0x000001ef74e90ca0, 0x000001ef19072260, 0x000001ef190730e0, 0x000001ef1908da50,
0x000001ef1908e610, 0x000001ef1908efd0, 0x000001ef1909ca30, 0x000001ef1909e730,
0x000001ef1909f130, 0x000001ef190a1b40, 0x000001ef1920b500, 0x000001ef1920d660,
0x000001ef194ca8e0, 0x000001ef1962b870
}

Java Threads: ( => current thread )
=>0x000001ef74e90ca0 JavaThread "main" [_thread_in_vm, id=21328, stack(0x0000006e77a00000,0x0000006e77b00000)]
  0x000001ef19072260 JavaThread "Reference Handler" daemon [_thread_blocked, id=22816, stack(0x0000006e78100000,0x0000006e78200000)]
  0x000001ef190730e0 JavaThread "Finalizer" daemon [_thread_blocked, id=26664, stack(0x0000006e78200000,0x0000006e78300000)]
  0x000001ef1908da50 JavaThread "Signal Dispatcher" daemon [_thread_blocked, id=28768, stack(0x0000006e78300000,0x0000006e78400000)]
  0x000001ef1908e610 JavaThread "Attach Listener" daemon [_thread_blocked, id=17212, stack(0x0000006e78400000,0x0000006e78500000)]
  0x000001ef1908efd0 JavaThread "Service Thread" daemon [_thread_blocked, id=11384, stack(0x0000006e78500000,0x0000006e78600000)]
  0x000001ef1909ca30 JavaThread "Monitor Deflation Thread" daemon [_thread_blocked, id=7040, stack(0x0000006e78600000,0x0000006e78700000)]
  0x000001ef1909e730 JavaThread "C2 CompilerThread0" daemon [_thread_blocked, id=13056, stack(0x0000006e78700000,0x0000006e78800000)]
  0x000001ef1909f130 JavaThread "C1 CompilerThread0" daemon [_thread_blocked, id=26640, stack(0x0000006e78800000,0x0000006e78900000)]
  0x000001ef190a1b40 JavaThread "Sweeper thread" daemon [_thread_blocked, id=24652, stack(0x0000006e78900000,0x0000006e78a00000)]
  0x000001ef1920b500 JavaThread "Notification Thread" daemon [_thread_blocked, id=29632, stack(0x0000006e78a00000,0x0000006e78b00000)]
  0x000001ef1920d660 JavaThread "Common-Cleaner" daemon [_thread_blocked, id=11204, stack(0x0000006e78c00000,0x0000006e78d00000)]
  0x000001ef194ca8e0 JavaThread "C2 CompilerThread1" daemon [_thread_blocked, id=18012, stack(0x0000006e78d00000,0x0000006e78e00000)]
  0x000001ef1962b870 JavaThread "HttpClient-1-SelectorManager" daemon [_thread_in_native, id=13896, stack(0x0000006e78e00000,0x0000006e78f00000)]

Other Threads:
  0x000001ef7ee8ea70 VMThread "VM Thread" [stack: 0x0000006e78000000,0x0000006e78100000] [id=27756]
  0x000001ef1920c5f0 WatcherThread [stack: 0x0000006e78b00000,0x0000006e78c00000] [id=4032]
  0x000001ef74efa7d0 GCTaskThread "GC Thread#0" [stack: 0x0000006e77b00000,0x0000006e77c00000] [id=5920]
  0x000001ef74f0b2e0 ConcurrentGCThread "G1 Main Marker" [stack: 0x0000006e77c00000,0x0000006e77d00000] [id=11740]
  0x000001ef74f0bd00 ConcurrentGCThread "G1 Conc#0" [stack: 0x0000006e77d00000,0x0000006e77e00000] [id=27992]
  0x000001ef74f4e810 ConcurrentGCThread "G1 Refine#0" [stack: 0x0000006e77e00000,0x0000006e77f00000] [id=19364]
  0x000001ef7ed334c0 ConcurrentGCThread "G1 Service" [stack: 0x0000006e77f00000,0x0000006e78000000] [id=24184]

Threads with active compile tasks:

VM state: not at safepoint (normal execution)

VM Mutex/Monitor currently owned by a thread:  ([mutex/lock_event])
[0x000001ef74e88630] Metaspace_lock - owner thread: 0x000001ef74e90ca0

Heap address: 0x0000000704400000, size: 4028 MB, Compressed Oops mode: Zero based, Oop shift amount: 3

CDS archive(s) not mapped
Compressed class space mapped at: 0x0000000800000000-0x0000000840000000, reserved size: 1073741824
Narrow klass base: 0x0000000800000000, Narrow klass shift: 0, Narrow klass range: 0x40000000

GC Precious Log:
 CPUs: 12 total, 12 available
 Memory: 16108M
 Large Page Support: Disabled
 NUMA Support: Disabled
 Compressed Oops: Enabled (Zero based)
 Heap Region Size: 2M
 Heap Min Capacity: 8M
 Heap Initial Capacity: 252M
 Heap Max Capacity: 4028M
 Pre-touch: Disabled
 Parallel Workers: 10
 Concurrent Workers: 3
 Concurrent Refinement Workers: 10
 Periodic GC: Disabled

Heap:
 garbage-first heap   total 258048K, used 6144K [0x0000000704400000, 0x0000000800000000)
  region size 2048K, 4 young (8192K), 0 survivors (0K)
 Metaspace       used 12741K, committed 12800K, reserved 1114112K
  class space    used 1247K, committed 1280K, reserved 1048576K

Heap Regions: E=young(eden), S=young(survivor), O=old, HS=humongous(starts), HC=humongous(continues), CS=collection set, F=free, OA=open archive, CA=closed archive, TAMS=top-at-mark-start (previous, next)
|   0|0x0000000704400000, 0x0000000704400000, 0x0000000704600000|  0%| F|  |TAMS 0x0000000704400000, 0x0000000704400000| Untracked 
|   1|0x0000000704600000, 0x0000000704600000, 0x0000000704800000|  0%| F|  |TAMS 0x0000000704600000, 0x0000000704600000| Untracked 
|   2|0x0000000704800000, 0x0000000704800000, 0x0000000704a00000|  0%| F|  |TAMS 0x0000000704800000, 0x0000000704800000| Untracked 
|   3|0x0000000704a00000, 0x0000000704a00000, 0x0000000704c00000|  0%| F|  |TAMS 0x0000000704a00000, 0x0000000704a00000| Untracked 
|   4|0x0000000704c00000, 0x0000000704c00000, 0x0000000704e00000|  0%| F|  |TAMS 0x0000000704c00000, 0x0000000704c00000| Untracked 
|   5|0x0000000704e00000, 0x0000000704e00000, 0x0000000705000000|  0%| F|  |TAMS 0x0000000704e00000, 0x0000000704e00000| Untracked 
|   6|0x0000000705000000, 0x0000000705000000, 0x0000000705200000|  0%| F|  |TAMS 0x0000000705000000, 0x0000000705000000| Untracked 
|   7|0x0000000705200000, 0x0000000705200000, 0x0000000705400000|  0%| F|  |TAMS 0x0000000705200000, 0x0000000705200000| Untracked 
|   8|0x0000000705400000, 0x0000000705400000, 0x0000000705600000|  0%| F|  |TAMS 0x0000000705400000, 0x0000000705400000| Untracked 
|   9|0x0000000705600000, 0x0000000705600000, 0x0000000705800000|  0%| F|  |TAMS 0x0000000705600000, 0x0000000705600000| Untracked 
|  10|0x0000000705800000, 0x0000000705800000, 0x0000000705a00000|  0%| F|  |TAMS 0x0000000705800000, 0x0000000705800000| Untracked 
|  11|0x0000000705a00000, 0x0000000705a00000, 0x0000000705c00000|  0%| F|  |TAMS 0x0000000705a00000, 0x0000000705a00000| Untracked 
|  12|0x0000000705c00000, 0x0000000705c00000, 0x0000000705e00000|  0%| F|  |TAMS 0x0000000705c00000, 0x0000000705c00000| Untracked 
|  13|0x0000000705e00000, 0x0000000705e00000, 0x0000000706000000|  0%| F|  |TAMS 0x0000000705e00000, 0x0000000705e00000| Untracked 
|  14|0x0000000706000000, 0x0000000706000000, 0x0000000706200000|  0%| F|  |TAMS 0x0000000706000000, 0x0000000706000000| Untracked 
|  15|0x0000000706200000, 0x0000000706200000, 0x0000000706400000|  0%| F|  |TAMS 0x0000000706200000, 0x0000000706200000| Untracked 
|  16|0x0000000706400000, 0x0000000706400000, 0x0000000706600000|  0%| F|  |TAMS 0x0000000706400000, 0x0000000706400000| Untracked 
|  17|0x0000000706600000, 0x0000000706600000, 0x0000000706800000|  0%| F|  |TAMS 0x0000000706600000, 0x0000000706600000| Untracked 
|  18|0x0000000706800000, 0x0000000706800000, 0x0000000706a00000|  0%| F|  |TAMS 0x0000000706800000, 0x0000000706800000| Untracked 
|  19|0x0000000706a00000, 0x0000000706a00000, 0x0000000706c00000|  0%| F|  |TAMS 0x0000000706a00000, 0x0000000706a00000| Untracked 
|  20|0x0000000706c00000, 0x0000000706c00000, 0x0000000706e00000|  0%| F|  |TAMS 0x0000000706c00000, 0x0000000706c00000| Untracked 
|  21|0x0000000706e00000, 0x0000000706e00000, 0x0000000707000000|  0%| F|  |TAMS 0x0000000706e00000, 0x0000000706e00000| Untracked 
|  22|0x0000000707000000, 0x0000000707000000, 0x0000000707200000|  0%| F|  |TAMS 0x0000000707000000, 0x0000000707000000| Untracked 
|  23|0x0000000707200000, 0x0000000707200000, 0x0000000707400000|  0%| F|  |TAMS 0x0000000707200000, 0x0000000707200000| Untracked 
|  24|0x0000000707400000, 0x0000000707400000, 0x0000000707600000|  0%| F|  |TAMS 0x0000000707400000, 0x0000000707400000| Untracked 
|  25|0x0000000707600000, 0x0000000707600000, 0x0000000707800000|  0%| F|  |TAMS 0x0000000707600000, 0x0000000707600000| Untracked 
|  26|0x0000000707800000, 0x0000000707800000, 0x0000000707a00000|  0%| F|  |TAMS 0x0000000707800000, 0x0000000707800000| Untracked 
|  27|0x0000000707a00000, 0x0000000707a00000, 0x0000000707c00000|  0%| F|  |TAMS 0x0000000707a00000, 0x0000000707a00000| Untracked 
|  28|0x0000000707c00000, 0x0000000707c00000, 0x0000000707e00000|  0%| F|  |TAMS 0x0000000707c00000, 0x0000000707c00000| Untracked 
|  29|0x0000000707e00000, 0x0000000707e00000, 0x0000000708000000|  0%| F|  |TAMS 0x0000000707e00000, 0x0000000707e00000| Untracked 
|  30|0x0000000708000000, 0x0000000708000000, 0x0000000708200000|  0%| F|  |TAMS 0x0000000708000000, 0x0000000708000000| Untracked 
|  31|0x0000000708200000, 0x0000000708200000, 0x0000000708400000|  0%| F|  |TAMS 0x0000000708200000, 0x0000000708200000| Untracked 
|  32|0x0000000708400000, 0x0000000708400000, 0x0000000708600000|  0%| F|  |TAMS 0x0000000708400000, 0x0000000708400000| Untracked 
|  33|0x0000000708600000, 0x0000000708600000, 0x0000000708800000|  0%| F|  |TAMS 0x0000000708600000, 0x0000000708600000| Untracked 
|  34|0x0000000708800000, 0x0000000708800000, 0x0000000708a00000|  0%| F|  |TAMS 0x0000000708800000, 0x0000000708800000| Untracked 
|  35|0x0000000708a00000, 0x0000000708a00000, 0x0000000708c00000|  0%| F|  |TAMS 0x0000000708a00000, 0x0000000708a00000| Untracked 
|  36|0x0000000708c00000, 0x0000000708c00000, 0x0000000708e00000|  0%| F|  |TAMS 0x0000000708c00000, 0x0000000708c00000| Untracked 
|  37|0x0000000708e00000, 0x0000000708e00000, 0x0000000709000000|  0%| F|  |TAMS 0x0000000708e00000, 0x0000000708e00000| Untracked 
|  38|0x0000000709000000, 0x0000000709000000, 0x0000000709200000|  0%| F|  |TAMS 0x0000000709000000, 0x0000000709000000| Untracked 
|  39|0x0000000709200000, 0x0000000709200000, 0x0000000709400000|  0%| F|  |TAMS 0x0000000709200000, 0x0000000709200000| Untracked 
|  40|0x0000000709400000, 0x0000000709400000, 0x0000000709600000|  0%| F|  |TAMS 0x0000000709400000, 0x0000000709400000| Untracked 
|  41|0x0000000709600000, 0x0000000709600000, 0x0000000709800000|  0%| F|  |TAMS 0x0000000709600000, 0x0000000709600000| Untracked 
|  42|0x0000000709800000, 0x0000000709800000, 0x0000000709a00000|  0%| F|  |TAMS 0x0000000709800000, 0x0000000709800000| Untracked 
|  43|0x0000000709a00000, 0x0000000709a00000, 0x0000000709c00000|  0%| F|  |TAMS 0x0000000709a00000, 0x0000000709a00000| Untracked 
|  44|0x0000000709c00000, 0x0000000709c00000, 0x0000000709e00000|  0%| F|  |TAMS 0x0000000709c00000, 0x0000000709c00000| Untracked 
|  45|0x0000000709e00000, 0x0000000709e00000, 0x000000070a000000|  0%| F|  |TAMS 0x0000000709e00000, 0x0000000709e00000| Untracked 
|  46|0x000000070a000000, 0x000000070a000000, 0x000000070a200000|  0%| F|  |TAMS 0x000000070a000000, 0x000000070a000000| Untracked 
|  47|0x000000070a200000, 0x000000070a200000, 0x000000070a400000|  0%| F|  |TAMS 0x000000070a200000, 0x000000070a200000| Untracked 
|  48|0x000000070a400000, 0x000000070a400000, 0x000000070a600000|  0%| F|  |TAMS 0x000000070a400000, 0x000000070a400000| Untracked 
|  49|0x000000070a600000, 0x000000070a600000, 0x000000070a800000|  0%| F|  |TAMS 0x000000070a600000, 0x000000070a600000| Untracked 
|  50|0x000000070a800000, 0x000000070a800000, 0x000000070aa00000|  0%| F|  |TAMS 0x000000070a800000, 0x000000070a800000| Untracked 
|  51|0x000000070aa00000, 0x000000070aa00000, 0x000000070ac00000|  0%| F|  |TAMS 0x000000070aa00000, 0x000000070aa00000| Untracked 
|  52|0x000000070ac00000, 0x000000070ac00000, 0x000000070ae00000|  0%| F|  |TAMS 0x000000070ac00000, 0x000000070ac00000| Untracked 
|  53|0x000000070ae00000, 0x000000070ae00000, 0x000000070b000000|  0%| F|  |TAMS 0x000000070ae00000, 0x000000070ae00000| Untracked 
|  54|0x000000070b000000, 0x000000070b000000, 0x000000070b200000|  0%| F|  |TAMS 0x000000070b000000, 0x000000070b000000| Untracked 
|  55|0x000000070b200000, 0x000000070b200000, 0x000000070b400000|  0%| F|  |TAMS 0x000000070b200000, 0x000000070b200000| Untracked 
|  56|0x000000070b400000, 0x000000070b400000, 0x000000070b600000|  0%| F|  |TAMS 0x000000070b400000, 0x000000070b400000| Untracked 
|  57|0x000000070b600000, 0x000000070b600000, 0x000000070b800000|  0%| F|  |TAMS 0x000000070b600000, 0x000000070b600000| Untracked 
|  58|0x000000070b800000, 0x000000070b800000, 0x000000070ba00000|  0%| F|  |TAMS 0x000000070b800000, 0x000000070b800000| Untracked 
|  59|0x000000070ba00000, 0x000000070ba00000, 0x000000070bc00000|  0%| F|  |TAMS 0x000000070ba00000, 0x000000070ba00000| Untracked 
|  60|0x000000070bc00000, 0x000000070bc00000, 0x000000070be00000|  0%| F|  |TAMS 0x000000070bc00000, 0x000000070bc00000| Untracked 
|  61|0x000000070be00000, 0x000000070be00000, 0x000000070c000000|  0%| F|  |TAMS 0x000000070be00000, 0x000000070be00000| Untracked 
|  62|0x000000070c000000, 0x000000070c000000, 0x000000070c200000|  0%| F|  |TAMS 0x000000070c000000, 0x000000070c000000| Untracked 
|  63|0x000000070c200000, 0x000000070c200000, 0x000000070c400000|  0%| F|  |TAMS 0x000000070c200000, 0x000000070c200000| Untracked 
|  64|0x000000070c400000, 0x000000070c400000, 0x000000070c600000|  0%| F|  |TAMS 0x000000070c400000, 0x000000070c400000| Untracked 
|  65|0x000000070c600000, 0x000000070c600000, 0x000000070c800000|  0%| F|  |TAMS 0x000000070c600000, 0x000000070c600000| Untracked 
|  66|0x000000070c800000, 0x000000070c800000, 0x000000070ca00000|  0%| F|  |TAMS 0x000000070c800000, 0x000000070c800000| Untracked 
|  67|0x000000070ca00000, 0x000000070ca00000, 0x000000070cc00000|  0%| F|  |TAMS 0x000000070ca00000, 0x000000070ca00000| Untracked 
|  68|0x000000070cc00000, 0x000000070cc00000, 0x000000070ce00000|  0%| F|  |TAMS 0x000000070cc00000, 0x000000070cc00000| Untracked 
|  69|0x000000070ce00000, 0x000000070ce00000, 0x000000070d000000|  0%| F|  |TAMS 0x000000070ce00000, 0x000000070ce00000| Untracked 
|  70|0x000000070d000000, 0x000000070d000000, 0x000000070d200000|  0%| F|  |TAMS 0x000000070d000000, 0x000000070d000000| Untracked 
|  71|0x000000070d200000, 0x000000070d200000, 0x000000070d400000|  0%| F|  |TAMS 0x000000070d200000, 0x000000070d200000| Untracked 
|  72|0x000000070d400000, 0x000000070d400000, 0x000000070d600000|  0%| F|  |TAMS 0x000000070d400000, 0x000000070d400000| Untracked 
|  73|0x000000070d600000, 0x000000070d600000, 0x000000070d800000|  0%| F|  |TAMS 0x000000070d600000, 0x000000070d600000| Untracked 
|  74|0x000000070d800000, 0x000000070d800000, 0x000000070da00000|  0%| F|  |TAMS 0x000000070d800000, 0x000000070d800000| Untracked 
|  75|0x000000070da00000, 0x000000070da00000, 0x000000070dc00000|  0%| F|  |TAMS 0x000000070da00000, 0x000000070da00000| Untracked 
|  76|0x000000070dc00000, 0x000000070dc00000, 0x000000070de00000|  0%| F|  |TAMS 0x000000070dc00000, 0x000000070dc00000| Untracked 
|  77|0x000000070de00000, 0x000000070de00000, 0x000000070e000000|  0%| F|  |TAMS 0x000000070de00000, 0x000000070de00000| Untracked 
|  78|0x000000070e000000, 0x000000070e000000, 0x000000070e200000|  0%| F|  |TAMS 0x000000070e000000, 0x000000070e000000| Untracked 
|  79|0x000000070e200000, 0x000000070e200000, 0x000000070e400000|  0%| F|  |TAMS 0x000000070e200000, 0x000000070e200000| Untracked 
|  80|0x000000070e400000, 0x000000070e400000, 0x000000070e600000|  0%| F|  |TAMS 0x000000070e400000, 0x000000070e400000| Untracked 
|  81|0x000000070e600000, 0x000000070e600000, 0x000000070e800000|  0%| F|  |TAMS 0x000000070e600000, 0x000000070e600000| Untracked 
|  82|0x000000070e800000, 0x000000070e800000, 0x000000070ea00000|  0%| F|  |TAMS 0x000000070e800000, 0x000000070e800000| Untracked 
|  83|0x000000070ea00000, 0x000000070ea00000, 0x000000070ec00000|  0%| F|  |TAMS 0x000000070ea00000, 0x000000070ea00000| Untracked 
|  84|0x000000070ec00000, 0x000000070ec00000, 0x000000070ee00000|  0%| F|  |TAMS 0x000000070ec00000, 0x000000070ec00000| Untracked 
|  85|0x000000070ee00000, 0x000000070ee00000, 0x000000070f000000|  0%| F|  |TAMS 0x000000070ee00000, 0x000000070ee00000| Untracked 
|  86|0x000000070f000000, 0x000000070f000000, 0x000000070f200000|  0%| F|  |TAMS 0x000000070f000000, 0x000000070f000000| Untracked 
|  87|0x000000070f200000, 0x000000070f200000, 0x000000070f400000|  0%| F|  |TAMS 0x000000070f200000, 0x000000070f200000| Untracked 
|  88|0x000000070f400000, 0x000000070f400000, 0x000000070f600000|  0%| F|  |TAMS 0x000000070f400000, 0x000000070f400000| Untracked 
|  89|0x000000070f600000, 0x000000070f600000, 0x000000070f800000|  0%| F|  |TAMS 0x000000070f600000, 0x000000070f600000| Untracked 
|  90|0x000000070f800000, 0x000000070f800000, 0x000000070fa00000|  0%| F|  |TAMS 0x000000070f800000, 0x000000070f800000| Untracked 
|  91|0x000000070fa00000, 0x000000070fa00000, 0x000000070fc00000|  0%| F|  |TAMS 0x000000070fa00000, 0x000000070fa00000| Untracked 
|  92|0x000000070fc00000, 0x000000070fc00000, 0x000000070fe00000|  0%| F|  |TAMS 0x000000070fc00000, 0x000000070fc00000| Untracked 
|  93|0x000000070fe00000, 0x000000070fe00000, 0x0000000710000000|  0%| F|  |TAMS 0x000000070fe00000, 0x000000070fe00000| Untracked 
|  94|0x0000000710000000, 0x0000000710000000, 0x0000000710200000|  0%| F|  |TAMS 0x0000000710000000, 0x0000000710000000| Untracked 
|  95|0x0000000710200000, 0x0000000710200000, 0x0000000710400000|  0%| F|  |TAMS 0x0000000710200000, 0x0000000710200000| Untracked 
|  96|0x0000000710400000, 0x0000000710400000, 0x0000000710600000|  0%| F|  |TAMS 0x0000000710400000, 0x0000000710400000| Untracked 
|  97|0x0000000710600000, 0x0000000710600000, 0x0000000710800000|  0%| F|  |TAMS 0x0000000710600000, 0x0000000710600000| Untracked 
|  98|0x0000000710800000, 0x0000000710800000, 0x0000000710a00000|  0%| F|  |TAMS 0x0000000710800000, 0x0000000710800000| Untracked 
|  99|0x0000000710a00000, 0x0000000710a00000, 0x0000000710c00000|  0%| F|  |TAMS 0x0000000710a00000, 0x0000000710a00000| Untracked 
| 100|0x0000000710c00000, 0x0000000710c00000, 0x0000000710e00000|  0%| F|  |TAMS 0x0000000710c00000, 0x0000000710c00000| Untracked 
| 101|0x0000000710e00000, 0x0000000710e00000, 0x0000000711000000|  0%| F|  |TAMS 0x0000000710e00000, 0x0000000710e00000| Untracked 
| 102|0x0000000711000000, 0x0000000711000000, 0x0000000711200000|  0%| F|  |TAMS 0x0000000711000000, 0x0000000711000000| Untracked 
| 103|0x0000000711200000, 0x0000000711200000, 0x0000000711400000|  0%| F|  |TAMS 0x0000000711200000, 0x0000000711200000| Untracked 
| 104|0x0000000711400000, 0x0000000711400000, 0x0000000711600000|  0%| F|  |TAMS 0x0000000711400000, 0x0000000711400000| Untracked 
| 105|0x0000000711600000, 0x0000000711600000, 0x0000000711800000|  0%| F|  |TAMS 0x0000000711600000, 0x0000000711600000| Untracked 
| 106|0x0000000711800000, 0x0000000711800000, 0x0000000711a00000|  0%| F|  |TAMS 0x0000000711800000, 0x0000000711800000| Untracked 
| 107|0x0000000711a00000, 0x0000000711a00000, 0x0000000711c00000|  0%| F|  |TAMS 0x0000000711a00000, 0x0000000711a00000| Untracked 
| 108|0x0000000711c00000, 0x0000000711c00000, 0x0000000711e00000|  0%| F|  |TAMS 0x0000000711c00000, 0x0000000711c00000| Untracked 
| 109|0x0000000711e00000, 0x0000000711e00000, 0x0000000712000000|  0%| F|  |TAMS 0x0000000711e00000, 0x0000000711e00000| Untracked 
| 110|0x0000000712000000, 0x0000000712000000, 0x0000000712200000|  0%| F|  |TAMS 0x0000000712000000, 0x0000000712000000| Untracked 
| 111|0x0000000712200000, 0x0000000712200000, 0x0000000712400000|  0%| F|  |TAMS 0x0000000712200000, 0x0000000712200000| Untracked 
| 112|0x0000000712400000, 0x0000000712400000, 0x0000000712600000|  0%| F|  |TAMS 0x0000000712400000, 0x0000000712400000| Untracked 
| 113|0x0000000712600000, 0x0000000712600000, 0x0000000712800000|  0%| F|  |TAMS 0x0000000712600000, 0x0000000712600000| Untracked 
| 114|0x0000000712800000, 0x0000000712800000, 0x0000000712a00000|  0%| F|  |TAMS 0x0000000712800000, 0x0000000712800000| Untracked 
| 115|0x0000000712a00000, 0x0000000712a00000, 0x0000000712c00000|  0%| F|  |TAMS 0x0000000712a00000, 0x0000000712a00000| Untracked 
| 116|0x0000000712c00000, 0x0000000712c00000, 0x0000000712e00000|  0%| F|  |TAMS 0x0000000712c00000, 0x0000000712c00000| Untracked 
| 117|0x0000000712e00000, 0x0000000712e00000, 0x0000000713000000|  0%| F|  |TAMS 0x0000000712e00000, 0x0000000712e00000| Untracked 
| 118|0x0000000713000000, 0x0000000713000000, 0x0000000713200000|  0%| F|  |TAMS 0x0000000713000000, 0x0000000713000000| Untracked 
| 119|0x0000000713200000, 0x0000000713200000, 0x0000000713400000|  0%| F|  |TAMS 0x0000000713200000, 0x0000000713200000| Untracked 
| 120|0x0000000713400000, 0x0000000713400000, 0x0000000713600000|  0%| F|  |TAMS 0x0000000713400000, 0x0000000713400000| Untracked 
| 121|0x0000000713600000, 0x0000000713600000, 0x0000000713800000|  0%| F|  |TAMS 0x0000000713600000, 0x0000000713600000| Untracked 
| 122|0x0000000713800000, 0x00000007139cae28, 0x0000000713a00000| 89%| E|  |TAMS 0x0000000713800000, 0x0000000713800000| Complete 
| 123|0x0000000713a00000, 0x0000000713c00000, 0x0000000713c00000|100%| E|CS|TAMS 0x0000000713a00000, 0x0000000713a00000| Complete 
| 124|0x0000000713c00000, 0x0000000713e00000, 0x0000000713e00000|100%| E|CS|TAMS 0x0000000713c00000, 0x0000000713c00000| Complete 
| 125|0x0000000713e00000, 0x0000000714000000, 0x0000000714000000|100%| E|CS|TAMS 0x0000000713e00000, 0x0000000713e00000| Complete 

Card table byte_map: [0x000001ef79340000,0x000001ef79b20000] _byte_map_base: 0x000001ef75b1e000

Marking Bits (Prev, Next): (CMBitMap*) 0x000001ef74efadf0, (CMBitMap*) 0x000001ef74efae30
 Prev Bits: [0x000001ef7a300000, 0x000001ef7e1f0000)
 Next Bits: [0x000001ef0f000000, 0x000001ef12ef0000)

Polling page: 0x000001ef72bc0000

Metaspace:

Usage:
  Non-class:     11.22 MB used.
      Class:      1.22 MB used.
       Both:     12.44 MB used.

Virtual space:
  Non-class space:       64.00 MB reserved,      11.25 MB ( 18%) committed,  1 nodes.
      Class space:        1.00 GB reserved,       1.25 MB ( <1%) committed,  1 nodes.
             Both:        1.06 GB reserved,      12.50 MB (  1%) committed. 

Chunk freelists:
   Non-Class:  4.25 MB
       Class:  14.70 MB
        Both:  18.95 MB

MaxMetaspaceSize: unlimited
CompressedClassSpaceSize: 1.00 GB
Initial GC threshold: 21.00 MB
Current GC threshold: 21.00 MB
CDS: off
MetaspaceReclaimPolicy: balanced
 - commit_granule_bytes: 65536.
 - commit_granule_words: 8192.
 - virtual_space_node_default_size: 8388608.
 - enlarge_chunks_in_place: 1.
 - new_chunks_are_fully_committed: 0.
 - uncommit_free_chunks: 1.
 - use_allocation_guard: 0.
 - handle_deallocations: 1.


Internal statistics:

num_allocs_failed_limit: 0.
num_arena_births: 58.
num_arena_deaths: 0.
num_vsnodes_births: 2.
num_vsnodes_deaths: 0.
num_space_committed: 200.
num_space_uncommitted: 0.
num_chunks_returned_to_freelist: 0.
num_chunks_taken_from_freelist: 122.
num_chunk_merges: 0.
num_chunk_splits: 69.
num_chunks_enlarged: 45.
num_inconsistent_stats: 0.

CodeHeap 'non-profiled nmethods': size=120000Kb used=188Kb max_used=188Kb free=119811Kb
 bounds [0x000001ef07ad0000, 0x000001ef07d40000, 0x000001ef0f000000]
CodeHeap 'profiled nmethods': size=120000Kb used=912Kb max_used=912Kb free=119087Kb
 bounds [0x000001ef00000000, 0x000001ef00270000, 0x000001ef07530000]
CodeHeap 'non-nmethods': size=5760Kb used=1168Kb max_used=1180Kb free=4591Kb
 bounds [0x000001ef07530000, 0x000001ef077a0000, 0x000001ef07ad0000]
 total_blobs=1090 nmethods=632 adapters=371
 compilation: enabled
              stopped_count=0, restarted_count=0
 full_count=0

Compilation events (20 events):
Event: 0.237 Thread 0x000001ef1909f130  620       3       sun.invoke.util.VerifyAccess::isClassAccessible (230 bytes)
Event: 0.238 Thread 0x000001ef1909f130 nmethod 620 0x000001ef000da310 code [0x000001ef000da620, 0x000001ef000db518]
Event: 0.242 Thread 0x000001ef1909f130  621       3       java.lang.invoke.VarHandleGuards::guard_LII_V (137 bytes)
Event: 0.243 Thread 0x000001ef1909f130 nmethod 621 0x000001ef000db910 code [0x000001ef000dbd60, 0x000001ef000de978]
Event: 0.243 Thread 0x000001ef1909f130  622       3       java.lang.invoke.VarHandleByteArrayAsInts$ArrayHandle::set (39 bytes)
Event: 0.244 Thread 0x000001ef1909f130 nmethod 622 0x000001ef000df590 code [0x000001ef000df780, 0x000001ef000dfcb8]
Event: 0.244 Thread 0x000001ef1909f130  623       3       java.util.concurrent.ConcurrentHashMap$ValueIterator::next (34 bytes)
Event: 0.244 Thread 0x000001ef1909f130 nmethod 623 0x000001ef000dfe90 code [0x000001ef000e0040, 0x000001ef000e02b8]
Event: 0.244 Thread 0x000001ef1909f130  627   !   3       java.util.zip.Inflater::inflate (418 bytes)
Event: 0.244 Thread 0x000001ef1909f130 nmethod 627 0x000001ef000e0410 code [0x000001ef000e06e0, 0x000001ef000e1908]
Event: 0.244 Thread 0x000001ef1909f130  628       3       java.lang.StringLatin1::newString (24 bytes)
Event: 0.244 Thread 0x000001ef1909f130 nmethod 628 0x000001ef000e2310 code [0x000001ef000e24e0, 0x000001ef000e2808]
Event: 0.244 Thread 0x000001ef1909f130  625       3       java.util.zip.Inflater::ensureOpen (47 bytes)
Event: 0.245 Thread 0x000001ef1909f130 nmethod 625 0x000001ef000e2910 code [0x000001ef000e2ac0, 0x000001ef000e2d08]
Event: 0.245 Thread 0x000001ef1909f130  629       3       java.lang.String::startsWith (7 bytes)
Event: 0.245 Thread 0x000001ef1909f130 nmethod 629 0x000001ef000e2e10 code [0x000001ef000e2fa0, 0x000001ef000e30e8]
Event: 0.245 Thread 0x000001ef1909f130  630       3       java.lang.ClassLoader::getClassLoadingLock (35 bytes)
Event: 0.245 Thread 0x000001ef1909f130 nmethod 630 0x000001ef000e3190 code [0x000001ef000e3340, 0x000001ef000e3648]
Event: 0.245 Thread 0x000001ef1909f130  631       3       jdk.internal.loader.BuiltinClassLoader::findLoadedModule (33 bytes)
Event: 0.245 Thread 0x000001ef1909f130 nmethod 631 0x000001ef000e3790 code [0x000001ef000e39a0, 0x000001ef000e3ff8]

GC Heap History (0 events):
No events

Dll operation events (1 events):
Event: 0.005 Loaded shared library C:\Program Files\JetBrains\PyCharm Community Edition 2023.2.5\jbr\bin\java.dll

Deoptimization events (8 events):
Event: 0.220 Thread 0x000001ef74e90ca0 Uncommon trap: trap_request=0xffffff45 fr.pc=0x000001ef07ae96cc relative=0x00000000000001cc
Event: 0.220 Thread 0x000001ef74e90ca0 Uncommon trap: reason=unstable_if action=reinterpret pc=0x000001ef07ae96cc method=java.util.HashMap.putVal(ILjava/lang/Object;Ljava/lang/Object;ZZ)Ljava/lang/Object; @ 162 c2
Event: 0.220 Thread 0x000001ef74e90ca0 DEOPT PACKING pc=0x000001ef07ae96cc sp=0x0000006e77afbcd0
Event: 0.220 Thread 0x000001ef74e90ca0 DEOPT UNPACKING pc=0x000001ef075869a3 sp=0x0000006e77afbc70 mode 2
Event: 0.242 Thread 0x000001ef74e90ca0 Uncommon trap: trap_request=0xffffff45 fr.pc=0x000001ef07ae7af4 relative=0x00000000000003d4
Event: 0.242 Thread 0x000001ef74e90ca0 Uncommon trap: reason=unstable_if action=reinterpret pc=0x000001ef07ae7af4 method=java.lang.StringLatin1.newString([BII)Ljava/lang/String; @ 1 c2
Event: 0.242 Thread 0x000001ef74e90ca0 DEOPT PACKING pc=0x000001ef07ae7af4 sp=0x0000006e77afe9c0
Event: 0.242 Thread 0x000001ef74e90ca0 DEOPT UNPACKING pc=0x000001ef075869a3 sp=0x0000006e77afe988 mode 2

Classes unloaded (0 events):
No events

Classes redefined (0 events):
No events

Internal exceptions (16 events):
Event: 0.123 Thread 0x000001ef74e90ca0 Exception <a 'sun/nio/fs/WindowsException'{0x0000000713cfa028}> (0x0000000713cfa028) 
thrown [s\src\hotspot\share\prims\jni.cpp, line 517]
Event: 0.133 Thread 0x000001ef74e90ca0 Exception <a 'java/lang/NoSuchMethodError'{0x0000000713d25570}: 'int java.lang.invoke.DirectMethodHandle$Holder.invokeStaticInit(java.lang.Object, java.lang.Object, java.lang.Object, java.lang.Object)'> (0x0000000713d25570) 
thrown [s\src\hotspot\share\interpreter\linkResolver.cpp, line 771]
Event: 0.134 Thread 0x000001ef74e90ca0 Exception <a 'java/lang/NoSuchMethodError'{0x0000000713d301d0}: 'java.lang.Object java.lang.invoke.DirectMethodHandle$Holder.invokeInterface(java.lang.Object, java.lang.Object)'> (0x0000000713d301d0) 
thrown [s\src\hotspot\share\interpreter\linkResolver.cpp, line 771]
Event: 0.134 Thread 0x000001ef74e90ca0 Exception <a 'java/lang/IncompatibleClassChangeError'{0x0000000713d33af0}: Found class java.lang.Object, but interface was expected> (0x0000000713d33af0) 
thrown [s\src\hotspot\share\interpreter\linkResolver.cpp, line 838]
Event: 0.134 Thread 0x000001ef74e90ca0 Exception <a 'java/lang/NoSuchMethodError'{0x0000000713d36ea0}: 'void java.lang.invoke.DirectMethodHandle$Holder.invokeStatic(java.lang.Object, java.lang.Object)'> (0x0000000713d36ea0) 
thrown [s\src\hotspot\share\interpreter\linkResolver.cpp, line 771]
Event: 0.134 Thread 0x000001ef74e90ca0 Exception <a 'java/lang/NoSuchMethodError'{0x0000000713d3a7b8}: 'void java.lang.invoke.DirectMethodHandle$Holder.invokeStaticInit(java.lang.Object, java.lang.Object)'> (0x0000000713d3a7b8) 
thrown [s\src\hotspot\share\interpreter\linkResolver.cpp, line 771]
Event: 0.135 Thread 0x000001ef74e90ca0 Exception <a 'java/lang/NoSuchMethodError'{0x0000000713d41070}: 'int java.lang.invoke.DirectMethodHandle$Holder.invokeStaticInit(java.lang.Object, java.lang.Object)'> (0x0000000713d41070) 
thrown [s\src\hotspot\share\interpreter\linkResolver.cpp, line 771]
Event: 0.156 Thread 0x000001ef74e90ca0 Exception <a 'java/lang/NoSuchMethodError'{0x0000000713a289b8}: 'java.lang.Object java.lang.invoke.DirectMethodHandle$Holder.invokeStaticInit(java.lang.Object, int, int, int, int)'> (0x0000000713a289b8) 
thrown [s\src\hotspot\share\interpreter\linkResolver.cpp, line 771]
Event: 0.181 Thread 0x000001ef74e90ca0 Exception <a 'java/lang/NoSuchMethodError'{0x0000000713a8f878}: 'java.lang.Object java.lang.invoke.DirectMethodHandle$Holder.invokeStaticInit(java.lang.Object, java.lang.Object, int, int, int, int)'> (0x0000000713a8f878) 
thrown [s\src\hotspot\share\interpreter\linkResolver.cpp, line 771]
Event: 0.188 Thread 0x000001ef74e90ca0 Exception <a 'java/lang/NoSuchMethodError'{0x0000000713af8848}: 'java.lang.Object java.lang.invoke.DirectMethodHandle$Holder.invokeStatic(java.lang.Object, java.lang.Object, int)'> (0x0000000713af8848) 
thrown [s\src\hotspot\share\interpreter\linkResolver.cpp, line 771]
Event: 0.189 Thread 0x000001ef74e90ca0 Exception <a 'java/lang/NoSuchMethodError'{0x0000000713afbfc0}: 'java.lang.Object java.lang.invoke.DirectMethodHandle$Holder.invokeStaticInit(java.lang.Object, java.lang.Object, int)'> (0x0000000713afbfc0) 
thrown [s\src\hotspot\share\interpreter\linkResolver.cpp, line 771]
Event: 0.189 Thread 0x000001ef74e90ca0 Exception <a 'java/lang/NoSuchMethodError'{0x0000000713b02370}: 'java.lang.Object java.lang.invoke.DirectMethodHandle$Holder.newInvokeSpecial(java.lang.Object, java.lang.Object, int)'> (0x0000000713b02370) 
thrown [s\src\hotspot\share\interpreter\linkResolver.cpp, line 771]
Event: 0.191 Thread 0x000001ef74e90ca0 Exception <a 'java/lang/NoSuchMethodError'{0x0000000713b11be0}: 'int java.lang.invoke.DirectMethodHandle$Holder.invokeStaticInit(java.lang.Object, java.lang.Object, java.lang.Object)'> (0x0000000713b11be0) 
thrown [s\src\hotspot\share\interpreter\linkResolver.cpp, line 771]
Event: 0.192 Thread 0x000001ef74e90ca0 Exception <a 'java/lang/NoSuchMethodError'{0x0000000713b21dc0}: 'int java.lang.invoke.DirectMethodHandle$Holder.invokeSpecial(java.lang.Object, java.lang.Object, java.lang.Object)'> (0x0000000713b21dc0) 
thrown [s\src\hotspot\share\interpreter\linkResolver.cpp, line 771]
Event: 0.193 Thread 0x000001ef74e90ca0 Exception <a 'java/lang/NoSuchMethodError'{0x0000000713b2a1a0}: 'int java.lang.invoke.DirectMethodHandle$Holder.invokeSpecialIFC(java.lang.Object, java.lang.Object, java.lang.Object)'> (0x0000000713b2a1a0) 
thrown [s\src\hotspot\share\interpreter\linkResolver.cpp, line 771]
Event: 0.209 Thread 0x000001ef74e90ca0 Exception <a 'java/lang/NoSuchMethodError'{0x0000000713bb6438}: 'java.lang.Object java.lang.invoke.DirectMethodHandle$Holder.invokeStaticInit(java.lang.Object)'> (0x0000000713bb6438) 
thrown [s\src\hotspot\share\interpreter\linkResolver.cpp, line 771]

VM Operations (8 events):
Event: 0.064 Executing VM operation: HandshakeAllThreads
Event: 0.064 Executing VM operation: HandshakeAllThreads done
Event: 0.073 Executing VM operation: HandshakeAllThreads
Event: 0.073 Executing VM operation: HandshakeAllThreads done
Event: 0.163 Executing VM operation: HandshakeAllThreads
Event: 0.163 Executing VM operation: HandshakeAllThreads done
Event: 0.210 Executing VM operation: HandshakeAllThreads
Event: 0.210 Executing VM operation: HandshakeAllThreads done

Events (20 events):
Event: 0.246 loading class java/util/Formatter done
Event: 0.246 loading class java/util/Locale$Category
Event: 0.246 loading class java/util/Locale$Category done
Event: 0.246 loading class sun/util/locale/BaseLocale$Key
Event: 0.246 loading class sun/util/locale/BaseLocale$Key done
Event: 0.246 loading class sun/util/locale/BaseLocale$Cache
Event: 0.246 loading class sun/util/locale/LocaleObjectCache
Event: 0.246 loading class sun/util/locale/LocaleObjectCache done
Event: 0.246 loading class sun/util/locale/BaseLocale$Cache done
Event: 0.246 loading class sun/util/locale/LocaleObjectCache$CacheEntry
Event: 0.246 loading class sun/util/locale/LocaleObjectCache$CacheEntry done
Event: 0.246 loading class java/util/Locale$Cache
Event: 0.246 loading class java/util/Locale$Cache done
Event: 0.246 loading class java/util/Formatter$FixedString
Event: 0.246 loading class java/util/Formatter$FormatString
Event: 0.246 loading class java/util/Formatter$FormatString done
Event: 0.246 loading class java/util/Formatter$FixedString done
Event: 0.246 loading class java/util/Formatter$Conversion
Event: 0.246 loading class java/util/Formatter$Conversion done
Event: 0.246 loading class java/util/Formatter$FormatSpecifier


Dynamic libraries:
0x00007ff77a2d0000 - 0x00007ff77a2da000 	C:\Program Files\JetBrains\PyCharm Community Edition 2023.2.5\jbr\bin\java.exe
0x00007ff922490000 - 0x00007ff922688000 	C:\Windows\SYSTEM32\ntdll.dll
0x00007ff920820000 - 0x00007ff9208dd000 	C:\Windows\System32\KERNEL32.DLL
0x00007ff91fd00000 - 0x00007ff91fff6000 	C:\Windows\System32\KERNELBASE.dll
0x00007ff920000000 - 0x00007ff920100000 	C:\Windows\System32\ucrtbase.dll
0x00007ff8fb300000 - 0x00007ff8fb317000 	C:\Program Files\JetBrains\PyCharm Community Edition 2023.2.5\jbr\bin\jli.dll
0x00007ff912b70000 - 0x00007ff912b8b000 	C:\Program Files\JetBrains\PyCharm Community Edition 2023.2.5\jbr\bin\VCRUNTIME140.dll
0x00007ff9208e0000 - 0x00007ff920a7f000 	C:\Windows\System32\USER32.dll
0x00007ff920490000 - 0x00007ff9204b2000 	C:\Windows\System32\win32u.dll
0x00007ff921be0000 - 0x00007ff921c0b000 	C:\Windows\System32\GDI32.dll
0x00007ff9066c0000 - 0x00007ff90695a000 	C:\Windows\WinSxS\amd64_microsoft.windows.common-controls_6595b64144ccf1df_6.0.19041.4355_none_60b8b9eb71f62e16\COMCTL32.dll
0x00007ff91fb40000 - 0x00007ff91fc57000 	C:\Windows\System32\gdi32full.dll
0x00007ff920670000 - 0x00007ff92070e000 	C:\Windows\System32\msvcrt.dll
0x00007ff920100000 - 0x00007ff92019d000 	C:\Windows\System32\msvcp_win.dll
0x00007ff922310000 - 0x00007ff922342000 	C:\Windows\System32\IMM32.DLL
0x00007ff9193d0000 - 0x00007ff9193dc000 	C:\Program Files\JetBrains\PyCharm Community Edition 2023.2.5\jbr\bin\vcruntime140_1.dll
0x00007ff8ea530000 - 0x00007ff8ea5bd000 	C:\Program Files\JetBrains\PyCharm Community Edition 2023.2.5\jbr\bin\msvcp140.dll
0x00007ff8c6160000 - 0x00007ff8c6de3000 	C:\Program Files\JetBrains\PyCharm Community Edition 2023.2.5\jbr\bin\server\jvm.dll
0x00007ff920ca0000 - 0x00007ff920d50000 	C:\Windows\System32\ADVAPI32.dll
0x00007ff922350000 - 0x00007ff9223f0000 	C:\Windows\System32\sechost.dll
0x00007ff920530000 - 0x00007ff920653000 	C:\Windows\System32\RPCRT4.dll
0x00007ff91fcd0000 - 0x00007ff91fcf7000 	C:\Windows\System32\bcrypt.dll
0x00007ff9193c0000 - 0x00007ff9193c9000 	C:\Windows\SYSTEM32\WSOCK32.dll
0x00007ff91f0c0000 - 0x00007ff91f10b000 	C:\Windows\SYSTEM32\POWRPROF.dll
0x00007ff91d870000 - 0x00007ff91d897000 	C:\Windows\SYSTEM32\WINMM.dll
0x00007ff9204c0000 - 0x00007ff92052b000 	C:\Windows\System32\WS2_32.dll
0x00007ff9178e0000 - 0x00007ff9178ea000 	C:\Windows\SYSTEM32\VERSION.dll
0x00007ff91ef30000 - 0x00007ff91ef42000 	C:\Windows\SYSTEM32\UMPDC.dll
0x00007ff91e3a0000 - 0x00007ff91e3b2000 	C:\Windows\SYSTEM32\kernel.appcore.dll
0x00007ff9141b0000 - 0x00007ff9141ba000 	C:\Program Files\JetBrains\PyCharm Community Edition 2023.2.5\jbr\bin\jimage.dll
0x00007ff91d680000 - 0x00007ff91d864000 	C:\Windows\SYSTEM32\DBGHELP.DLL
0x00007ff91d640000 - 0x00007ff91d674000 	C:\Windows\SYSTEM32\dbgcore.DLL
0x00007ff920400000 - 0x00007ff920482000 	C:\Windows\System32\bcryptPrimitives.dll
0x00007ff900a10000 - 0x00007ff900a35000 	C:\Program Files\JetBrains\PyCharm Community Edition 2023.2.5\jbr\bin\java.dll
0x00007ff9139f0000 - 0x00007ff913a08000 	C:\Program Files\JetBrains\PyCharm Community Edition 2023.2.5\jbr\bin\zip.dll
0x00007ff920f60000 - 0x00007ff9216cb000 	C:\Windows\System32\SHELL32.dll
0x00007ff91dba0000 - 0x00007ff91e33d000 	C:\Windows\SYSTEM32\windows.storage.dll
0x00007ff921880000 - 0x00007ff921bd3000 	C:\Windows\System32\combase.dll
0x00007ff91f560000 - 0x00007ff91f58e000 	C:\Windows\SYSTEM32\Wldp.dll
0x00007ff920d50000 - 0x00007ff920e1d000 	C:\Windows\System32\OLEAUT32.dll
0x00007ff920710000 - 0x00007ff9207bd000 	C:\Windows\System32\SHCORE.dll
0x00007ff9223f0000 - 0x00007ff922445000 	C:\Windows\System32\shlwapi.dll
0x00007ff91fa70000 - 0x00007ff91fa94000 	C:\Windows\SYSTEM32\profapi.dll
0x00007ff905490000 - 0x00007ff9054a9000 	C:\Program Files\JetBrains\PyCharm Community Edition 2023.2.5\jbr\bin\net.dll
0x00007ff919f50000 - 0x00007ff91a05a000 	C:\Windows\SYSTEM32\WINHTTP.dll
0x00007ff91f2c0000 - 0x00007ff91f32a000 	C:\Windows\system32\mswsock.dll
0x00007ff900050000 - 0x00007ff900066000 	C:\Program Files\JetBrains\PyCharm Community Edition 2023.2.5\jbr\bin\nio.dll
0x00007ff912df0000 - 0x00007ff912dfe000 	C:\Program Files\JetBrains\PyCharm Community Edition 2023.2.5\jbr\bin\sunmscapi.dll
0x00007ff9201a0000 - 0x00007ff9202fe000 	C:\Windows\System32\CRYPT32.dll
0x00007ff91f5d0000 - 0x00007ff91f5f9000 	C:\Windows\SYSTEM32\ncrypt.dll
0x00007ff91f590000 - 0x00007ff91f5cb000 	C:\Windows\SYSTEM32\NTASN1.dll
0x00007ff91f4c0000 - 0x00007ff91f4d8000 	C:\Windows\SYSTEM32\CRYPTSP.dll
0x00007ff91eb70000 - 0x00007ff91eba4000 	C:\Windows\system32\rsaenh.dll
0x00007ff91f9e0000 - 0x00007ff91fa0e000 	C:\Windows\SYSTEM32\USERENV.dll
0x00007ff91f4b0000 - 0x00007ff91f4bc000 	C:\Windows\SYSTEM32\CRYPTBASE.dll
0x00007ff91ef50000 - 0x00007ff91ef8b000 	C:\Windows\SYSTEM32\IPHLPAPI.DLL
0x00007ff920c90000 - 0x00007ff920c98000 	C:\Windows\System32\NSI.dll
0x00007ff918330000 - 0x00007ff918347000 	C:\Windows\SYSTEM32\dhcpcsvc6.DLL
0x00007ff9188b0000 - 0x00007ff9188cd000 	C:\Windows\SYSTEM32\dhcpcsvc.DLL
0x00007ff91ef90000 - 0x00007ff91f05b000 	C:\Windows\SYSTEM32\DNSAPI.dll
0x00007ff8f5d70000 - 0x00007ff8f5d77000 	C:\Windows\system32\wshunix.dll

dbghelp: loaded successfully - version: 4.0.5 - missing functions: none
symbol engine: initialized successfully - sym options: 0x614 - pdb path: .;C:\Program Files\JetBrains\PyCharm Community Edition 2023.2.5\jbr\bin;C:\Windows\SYSTEM32;C:\Windows\WinSxS\amd64_microsoft.windows.common-controls_6595b64144ccf1df_6.0.19041.4355_none_60b8b9eb71f62e16;C:\Program Files\JetBrains\PyCharm Community Edition 2023.2.5\jbr\bin\server

VM Arguments:
java_command: git4idea.http.GitAskPassApp Username for 'https://github.com': 
java_class_path (initial): C:/Program Files/JetBrains/PyCharm Community Edition 2023.2.5/plugins/vcs-git/lib/git4idea-rt.jar;C:/Program Files/JetBrains/PyCharm Community Edition 2023.2.5/lib/externalProcess-rt.jar
Launcher Type: SUN_STANDARD

[Global flags]
     intx CICompilerCount                          = 4                                         {product} {ergonomic}
     uint ConcGCThreads                            = 3                                         {product} {ergonomic}
     uint G1ConcRefinementThreads                  = 10                                        {product} {ergonomic}
   size_t G1HeapRegionSize                         = 2097152                                   {product} {ergonomic}
    uintx GCDrainStackTargetSize                   = 64                                        {product} {ergonomic}
   size_t InitialHeapSize                          = 264241152                                 {product} {ergonomic}
   size_t MarkStackSize                            = 4194304                                   {product} {ergonomic}
   size_t MaxHeapSize                              = 4223664128                                {product} {ergonomic}
   size_t MaxNewSize                               = 2533359616                                {product} {ergonomic}
   size_t MinHeapDeltaBytes                        = 2097152                                   {product} {ergonomic}
   size_t MinHeapSize                              = 8388608                                   {product} {ergonomic}
    uintx NonNMethodCodeHeapSize                   = 5839372                                {pd product} {ergonomic}
    uintx NonProfiledCodeHeapSize                  = 122909434                              {pd product} {ergonomic}
    uintx ProfiledCodeHeapSize                     = 122909434                              {pd product} {ergonomic}
    uintx ReservedCodeCacheSize                    = 251658240                              {pd product} {ergonomic}
     bool SegmentedCodeCache                       = true                                      {product} {ergonomic}
   size_t SoftMaxHeapSize                          = 4223664128                             {manageable} {ergonomic}
     bool UseCompressedClassPointers               = true                           {product lp64_product} {ergonomic}
     bool UseCompressedOops                        = true                           {product lp64_product} {ergonomic}
     bool UseG1GC                                  = true                                      {product} {ergonomic}
     bool UseLargePagesIndividualAllocation        = false                                  {pd product} {ergonomic}

Logging:
Log output configuration:
 #0: stdout all=warning uptime,level,tags
 #1: stderr all=off uptime,level,tags

Environment Variables:
PATH=D:/Git/mingw64/libexec/git-core;D:/Git/mingw64/libexec/git-core;D:\Git\mingw64\bin;D:\Git\usr\bin;C:\Users\User\bin;C:\Program Files\Python38\Scripts\;C:\Program Files\Python38\;C:\Windows\system32;C:\Windows;C:\Windows\System32\Wbem;C:\Windows\System32\WindowsPowerShell\v1.0\;C:\Windows\System32\OpenSSH\;C:\Program Files (x86)\NVIDIA Corporation\PhysX\Common;C:\Program Files\NVIDIA Corporation\NVIDIA NvDLISR;C:\Program Files (x86)\Windows Kits\10\Windows Performance Toolkit\;C:\Program Files\dotnet\;D:\Git\cmd;C:\Program Files\Microsoft SQL Server\150\Tools\Binn\;C:\Program Files\Microsoft SQL Server\Client SDK\ODBC\170\Tools\Binn\;C:\Users\User\scoop\apps\swift\current\Developer\Toolchains\unknown-Asserts-development.xctoolchain\usr\bin;C:\Users\User\scoop\apps\swift\current\Swift\runtime-development\usr\bin;C:\Users\User\scoop\apps\python310\current\Scripts;C:\Users\User\scoop\apps\python310\current;C:\Users\User\scoop\shims;C:\Users\User\AppData\Local\Microsoft\WindowsApps;C:\Users\User\.dotnet\tools
USERNAME=User
DISPLAY=:0.0
LC_ALL=en_US.UTF-8
TERM=xterm-256color
TMPDIR=C:\Users\User\AppData\Local\Temp
OS=Windows_NT
PROCESSOR_IDENTIFIER=Intel64 Family 6 Model 154 Stepping 4, GenuineIntel
TMP=C:\Users\User\AppData\Local\Temp
TEMP=C:\Users\User\AppData\Local\Temp



Periodic native trim disabled

JNI global refs:
JNI global refs: 20, weak refs: 0

JNI global refs memory usage: 843, weak refs: 209

OOME stack traces (most recent first):
Classloader memory used:
Loader bootstrap                                                                       : 1517K
Loader jdk.internal.loader.ClassLoaders$PlatformClassLoader                            : 75340B
Loader jdk.internal.loader.ClassLoaders$AppClassLoader                                 : 1808B


---------------  S Y S T E M  ---------------

OS:
 Windows 10 , 64 bit Build 19041 (10.0.19041.3636)
OS uptime: 2 days 18:37 hours

CPU: total 12 (initial active 12) (12 cores per cpu, 1 threads per core) family 6 model 154 stepping 4 microcode 0x41f, cx8, cmov, fxsr, mmx, 3dnowpref, sse, sse2, sse3, ssse3, sse4.1, sse4.2, popcnt, lzcnt, tsc, tscinvbit, avx, avx2, aes, erms, clmul, bmi1, bmi2, adx, sha, fma, vzeroupper, clflush, clflushopt, clwb
Processor Information for processor 0
  Max Mhz: 1300, Current Mhz: 1300, Mhz Limit: 1300
Processor Information for processor 1
  Max Mhz: 1300, Current Mhz: 1300, Mhz Limit: 1300
Processor Information for processor 2
  Max Mhz: 1300, Current Mhz: 1300, Mhz Limit: 1300
Processor Information for processor 3
  Max Mhz: 1300, Current Mhz: 1300, Mhz Limit: 1300
Processor Information for processor 4
  Max Mhz: 900, Current Mhz: 900, Mhz Limit: 900
Processor Information for processor 5
  Max Mhz: 900, Current Mhz: 900, Mhz Limit: 900
Processor Information for processor 6
  Max Mhz: 900, Current Mhz: 900, Mhz Limit: 900
Processor Information for processor 7
  Max Mhz: 900, Current Mhz: 900, Mhz Limit: 900
Processor Information for processor 8
  Max Mhz: 900, Current Mhz: 900, Mhz Limit: 900
Processor Information for processor 9
  Max Mhz: 900, Current Mhz: 900, Mhz Limit: 900
Processor Information for processor 10
  Max Mhz: 900, Current Mhz: 900, Mhz Limit: 900
Processor Information for processor 11
  Max Mhz: 900, Current Mhz: 900, Mhz Limit: 900

Memory: 4k page, system-wide physical 16108M (3579M free)
TotalPageFile size 32416M (AvailPageFile size 4M)
current process WorkingSet (physical memory assigned to process): 55M, peak: 55M
current process commit charge ("private bytes"): 348M, peak: 349M

vm_info: OpenJDK 64-Bit Server VM (17.0.9+7-b1000.46) for windows-amd64 JRE (17.0.9+7-b1000.46), built on 2023-10-27 by "builduser" with MS VC++ 16.10 / 16.11 (VS2019)

END.
