#
# There is insufficient memory for the Java Runtime Environment to continue.
# Native memory allocation (mmap) failed to map 264241152 bytes for G1 virtual space
# Possible reasons:
#   The system is out of physical RAM or swap space
#   The process is running with CompressedOops enabled, and the Java Heap may be blocking the growth of the native heap
# Possible solutions:
#   Reduce memory load on the system
#   Increase physical memory or swap space
#   Check if swap backing store is full
#   Decrease Java heap size (-Xmx/-Xms)
#   Decrease number of Java threads
#   Decrease Java thread stack sizes (-Xss)
#   Set larger code cache with -XX:ReservedCodeCacheSize=
#   JVM is running with Zero Based Compressed Oops mode in which the Java heap is
#     placed in the first 32GB address space. The Java Heap base address is the
#     maximum limit for the native heap growth. Please use -XX:HeapBaseMinAddress
#     to set the Java Heap base and to place the Java Heap above 32GB virtual address.
# This output file may be truncated or incomplete.
#
#  Out of Memory Error (os_windows.cpp:3825), pid=19448, tid=24688
#
# JRE version:  (17.0.9+7) (build )
# Java VM: OpenJDK 64-Bit Server VM (17.0.9+7-b1000.46, mixed mode, sharing, tiered, compressed oops, compressed class ptrs, g1 gc, windows-amd64)
# No core dump will be written. Minidumps are not enabled by default on client versions of Windows
#

---------------  S U M M A R Y ------------

Command Line: git4idea.http.GitAskPassApp Username for 'https://github.com': 

Host: 12th Gen Intel(R) Core(TM) i5-1235U, 12 cores, 15G,  Windows 10 , 64 bit Build 19041 (10.0.19041.3636)
Time: Mon May 20 16:39:47 2024 FLE Daylight Time elapsed time: 0.006989 seconds (0d 0h 0m 0s)

---------------  T H R E A D  ---------------

Current thread (0x0000021278c417b0):  JavaThread "Unknown thread" [_thread_in_vm, id=24688, stack(0x000000880d700000,0x000000880d800000)]

Stack: [0x000000880d700000,0x000000880d800000]
Native frames: (J=compiled Java code, j=interpreted, Vv=VM code, C=native code)
V  [jvm.dll+0x6886e9]
V  [jvm.dll+0x841e4a]
V  [jvm.dll+0x843a8e]
V  [jvm.dll+0x8440f3]
V  [jvm.dll+0x24c14f]
V  [jvm.dll+0x685499]
V  [jvm.dll+0x679c2a]
V  [jvm.dll+0x30cf9b]
V  [jvm.dll+0x314446]
V  [jvm.dll+0x36425e]
V  [jvm.dll+0x36448f]
V  [jvm.dll+0x2e2d68]
V  [jvm.dll+0x2e3cd4]
V  [jvm.dll+0x8129f1]
V  [jvm.dll+0x3720c1]
V  [jvm.dll+0x7f152c]
V  [jvm.dll+0x3f5d4f]
V  [jvm.dll+0x3f7981]
C  [jli.dll+0x528f]
C  [ucrtbase.dll+0x21bb2]
C  [KERNEL32.DLL+0x17344]
C  [ntdll.dll+0x526b1]


---------------  P R O C E S S  ---------------

Threads class SMR info:
_java_thread_list=0x00007ff8c6c9ef18, length=0, elements={
}

Java Threads: ( => current thread )

Other Threads:
  0x0000021278caca60 GCTaskThread "GC Thread#0" [stack: 0x000000880d800000,0x000000880d900000] [id=23084]
  0x0000021278cbd570 ConcurrentGCThread "G1 Main Marker" [stack: 0x000000880d900000,0x000000880da00000] [id=27080]
  0x0000021278cbdf90 ConcurrentGCThread "G1 Conc#0" [stack: 0x000000880da00000,0x000000880db00000] [id=20804]

[error occurred during error reporting (printing all threads), id 0xc0000005, EXCEPTION_ACCESS_VIOLATION (0xc0000005) at pc=0x00007ff8c6453937]

VM state: not at safepoint (not fully initialized)

VM Mutex/Monitor currently owned by a thread:  ([mutex/lock_event])
[0x0000021278c3b0a0] Heap_lock - owner thread: 0x0000021278c417b0

Heap address: 0x0000000704400000, size: 4028 MB, Compressed Oops mode: Zero based, Oop shift amount: 3

CDS archive(s) mapped at: [0x0000000000000000-0x0000000000000000-0x0000000000000000), size 0, SharedBaseAddress: 0x0000000800000000, ArchiveRelocationMode: 1.
Narrow klass base: 0x0000000000000000, Narrow klass shift: 0, Narrow klass range: 0x0

GC Precious Log:
<Empty>

Heap:
 garbage-first heap   total 0K, used 0K [0x0000000704400000, 0x0000000800000000)
  region size 2048K, 0 young (0K), 0 survivors (0K)
 Metaspace       used 0K, committed 0K, reserved 0K
  class space    used 0K, committed 0K, reserved 0K

Heap Regions: E=young(eden), S=young(survivor), O=old, HS=humongous(starts), HC=humongous(continues), CS=collection set, F=free, OA=open archive, CA=closed archive, TAMS=top-at-mark-start (previous, next)

Card table byte_map: [0x000002127d100000,0x000002127d8e0000] _byte_map_base: 0x00000212798de000

Marking Bits (Prev, Next): (CMBitMap*) 0x0000021278cad080, (CMBitMap*) 0x0000021278cad0c0
 Prev Bits: [0x000002120f000000, 0x0000021212ef0000)
 Next Bits: [0x0000021212ef0000, 0x0000021216de0000)

GC Heap History (0 events):
No events

Dll operation events (1 events):
Event: 0.004 Loaded shared library C:\Program Files\JetBrains\PyCharm Community Edition 2023.2.5\jbr\bin\java.dll

Deoptimization events (0 events):
No events

Classes unloaded (0 events):
No events

Classes redefined (0 events):
No events

Internal exceptions (0 events):
No events

VM Operations (0 events):
No events

Events (0 events):
No events


Dynamic libraries:
0x00007ff7098b0000 - 0x00007ff7098ba000 	C:\Program Files\JetBrains\PyCharm Community Edition 2023.2.5\jbr\bin\java.exe
0x00007ff922490000 - 0x00007ff922688000 	C:\Windows\SYSTEM32\ntdll.dll
0x00007ff920820000 - 0x00007ff9208dd000 	C:\Windows\System32\KERNEL32.DLL
0x00007ff91fd00000 - 0x00007ff91fff6000 	C:\Windows\System32\KERNELBASE.dll
0x00007ff920000000 - 0x00007ff920100000 	C:\Windows\System32\ucrtbase.dll
0x00007ff8fb300000 - 0x00007ff8fb317000 	C:\Program Files\JetBrains\PyCharm Community Edition 2023.2.5\jbr\bin\jli.dll
0x00007ff912ab0000 - 0x00007ff912acb000 	C:\Program Files\JetBrains\PyCharm Community Edition 2023.2.5\jbr\bin\VCRUNTIME140.dll
0x00007ff9208e0000 - 0x00007ff920a7f000 	C:\Windows\System32\USER32.dll
0x00007ff920490000 - 0x00007ff9204b2000 	C:\Windows\System32\win32u.dll
0x00007ff9066c0000 - 0x00007ff90695a000 	C:\Windows\WinSxS\amd64_microsoft.windows.common-controls_6595b64144ccf1df_6.0.19041.4355_none_60b8b9eb71f62e16\COMCTL32.dll
0x00007ff921be0000 - 0x00007ff921c0b000 	C:\Windows\System32\GDI32.dll
0x00007ff920670000 - 0x00007ff92070e000 	C:\Windows\System32\msvcrt.dll
0x00007ff91fb40000 - 0x00007ff91fc57000 	C:\Windows\System32\gdi32full.dll
0x00007ff920100000 - 0x00007ff92019d000 	C:\Windows\System32\msvcp_win.dll
0x00007ff922310000 - 0x00007ff922342000 	C:\Windows\System32\IMM32.DLL
0x00007ff9199e0000 - 0x00007ff9199ec000 	C:\Program Files\JetBrains\PyCharm Community Edition 2023.2.5\jbr\bin\vcruntime140_1.dll
0x00007ff8e8a60000 - 0x00007ff8e8aed000 	C:\Program Files\JetBrains\PyCharm Community Edition 2023.2.5\jbr\bin\msvcp140.dll
0x00007ff8c6160000 - 0x00007ff8c6de3000 	C:\Program Files\JetBrains\PyCharm Community Edition 2023.2.5\jbr\bin\server\jvm.dll
0x00007ff920ca0000 - 0x00007ff920d50000 	C:\Windows\System32\ADVAPI32.dll
0x00007ff922350000 - 0x00007ff9223f0000 	C:\Windows\System32\sechost.dll
0x00007ff920530000 - 0x00007ff920653000 	C:\Windows\System32\RPCRT4.dll
0x00007ff91fcd0000 - 0x00007ff91fcf7000 	C:\Windows\System32\bcrypt.dll
0x00007ff91f0c0000 - 0x00007ff91f10b000 	C:\Windows\SYSTEM32\POWRPROF.dll
0x00007ff9178e0000 - 0x00007ff9178ea000 	C:\Windows\SYSTEM32\VERSION.dll
0x00007ff9193c0000 - 0x00007ff9193c9000 	C:\Windows\SYSTEM32\WSOCK32.dll
0x00007ff91d870000 - 0x00007ff91d897000 	C:\Windows\SYSTEM32\WINMM.dll
0x00007ff9204c0000 - 0x00007ff92052b000 	C:\Windows\System32\WS2_32.dll
0x00007ff91ef30000 - 0x00007ff91ef42000 	C:\Windows\SYSTEM32\UMPDC.dll
0x00007ff91e3a0000 - 0x00007ff91e3b2000 	C:\Windows\SYSTEM32\kernel.appcore.dll
0x00007ff9141b0000 - 0x00007ff9141ba000 	C:\Program Files\JetBrains\PyCharm Community Edition 2023.2.5\jbr\bin\jimage.dll
0x00007ff91d680000 - 0x00007ff91d864000 	C:\Windows\SYSTEM32\DBGHELP.DLL
0x00007ff91d640000 - 0x00007ff91d674000 	C:\Windows\SYSTEM32\dbgcore.DLL
0x00007ff920400000 - 0x00007ff920482000 	C:\Windows\System32\bcryptPrimitives.dll
0x00007ff900a10000 - 0x00007ff900a35000 	C:\Program Files\JetBrains\PyCharm Community Edition 2023.2.5\jbr\bin\java.dll

dbghelp: loaded successfully - version: 4.0.5 - missing functions: none
symbol engine: initialized successfully - sym options: 0x614 - pdb path: .;C:\Program Files\JetBrains\PyCharm Community Edition 2023.2.5\jbr\bin;C:\Windows\SYSTEM32;C:\Windows\WinSxS\amd64_microsoft.windows.common-controls_6595b64144ccf1df_6.0.19041.4355_none_60b8b9eb71f62e16;C:\Program Files\JetBrains\PyCharm Community Edition 2023.2.5\jbr\bin\server

VM Arguments:
java_command: git4idea.http.GitAskPassApp Username for 'https://github.com': 
java_class_path (initial): C:/Program Files/JetBrains/PyCharm Community Edition 2023.2.5/plugins/vcs-git/lib/git4idea-rt.jar;C:/Program Files/JetBrains/PyCharm Community Edition 2023.2.5/lib/externalProcess-rt.jar
Launcher Type: SUN_STANDARD

[Global flags]
     intx CICompilerCount                          = 4                                         {product} {ergonomic}
     uint ConcGCThreads                            = 3                                         {product} {ergonomic}
     uint G1ConcRefinementThreads                  = 10                                        {product} {ergonomic}
   size_t G1HeapRegionSize                         = 2097152                                   {product} {ergonomic}
    uintx GCDrainStackTargetSize                   = 64                                        {product} {ergonomic}
   size_t InitialHeapSize                          = 264241152                                 {product} {ergonomic}
   size_t MarkStackSize                            = 4194304                                   {product} {ergonomic}
   size_t MaxHeapSize                              = 4223664128                                {product} {ergonomic}
   size_t MinHeapDeltaBytes                        = 2097152                                   {product} {ergonomic}
   size_t MinHeapSize                              = 8388608                                   {product} {ergonomic}
    uintx NonNMethodCodeHeapSize                   = 5839372                                {pd product} {ergonomic}
    uintx NonProfiledCodeHeapSize                  = 122909434                              {pd product} {ergonomic}
    uintx ProfiledCodeHeapSize                     = 122909434                              {pd product} {ergonomic}
    uintx ReservedCodeCacheSize                    = 251658240                              {pd product} {ergonomic}
     bool SegmentedCodeCache                       = true                                      {product} {ergonomic}
   size_t SoftMaxHeapSize                          = 4223664128                             {manageable} {ergonomic}
     bool UseCompressedClassPointers               = true                           {product lp64_product} {ergonomic}
     bool UseCompressedOops                        = true                           {product lp64_product} {ergonomic}
     bool UseG1GC                                  = true                                      {product} {ergonomic}
     bool UseLargePagesIndividualAllocation        = false                                  {pd product} {ergonomic}

Logging:
Log output configuration:
 #0: stdout all=warning uptime,level,tags
 #1: stderr all=off uptime,level,tags

Environment Variables:
PATH=D:/Git/mingw64/libexec/git-core;D:/Git/mingw64/libexec/git-core;D:\Git\mingw64\bin;D:\Git\usr\bin;C:\Users\User\bin;C:\Program Files\Python38\Scripts\;C:\Program Files\Python38\;C:\Windows\system32;C:\Windows;C:\Windows\System32\Wbem;C:\Windows\System32\WindowsPowerShell\v1.0\;C:\Windows\System32\OpenSSH\;C:\Program Files (x86)\NVIDIA Corporation\PhysX\Common;C:\Program Files\NVIDIA Corporation\NVIDIA NvDLISR;C:\Program Files (x86)\Windows Kits\10\Windows Performance Toolkit\;C:\Program Files\dotnet\;D:\Git\cmd;C:\Program Files\Microsoft SQL Server\150\Tools\Binn\;C:\Program Files\Microsoft SQL Server\Client SDK\ODBC\170\Tools\Binn\;C:\Users\User\scoop\apps\swift\current\Developer\Toolchains\unknown-Asserts-development.xctoolchain\usr\bin;C:\Users\User\scoop\apps\swift\current\Swift\runtime-development\usr\bin;C:\Users\User\scoop\apps\python310\current\Scripts;C:\Users\User\scoop\apps\python310\current;C:\Users\User\scoop\shims;C:\Users\User\AppData\Local\Microsoft\WindowsApps;C:\Users\User\.dotnet\tools
USERNAME=User
DISPLAY=:0.0
LC_ALL=en_US.UTF-8
TERM=xterm-256color
TMPDIR=C:\Users\User\AppData\Local\Temp
OS=Windows_NT
PROCESSOR_IDENTIFIER=Intel64 Family 6 Model 154 Stepping 4, GenuineIntel
TMP=C:\Users\User\AppData\Local\Temp
TEMP=C:\Users\User\AppData\Local\Temp



Periodic native trim disabled

JNI global refs:
JNI global refs: 0, weak refs: 0

JNI global refs memory usage: 0, weak refs: 0

OOME stack traces (most recent first):
Classloader memory used:


---------------  S Y S T E M  ---------------

OS:
 Windows 10 , 64 bit Build 19041 (10.0.19041.3636)
OS uptime: 2 days 17:17 hours

CPU: total 12 (initial active 12) (6 cores per cpu, 2 threads per core) family 6 model 154 stepping 4 microcode 0x41f, cx8, cmov, fxsr, ht, mmx, 3dnowpref, sse, sse2, sse3, ssse3, sse4.1, sse4.2, popcnt, lzcnt, tsc, tscinvbit, avx, avx2, aes, erms, clmul, bmi1, bmi2, adx, sha, fma, vzeroupper, clflush, clflushopt, clwb
Processor Information for processor 0
  Max Mhz: 1300, Current Mhz: 1300, Mhz Limit: 1300
Processor Information for processor 1
  Max Mhz: 1300, Current Mhz: 1300, Mhz Limit: 1300
Processor Information for processor 2
  Max Mhz: 1300, Current Mhz: 1300, Mhz Limit: 1300
Processor Information for processor 3
  Max Mhz: 1300, Current Mhz: 1300, Mhz Limit: 1300
Processor Information for processor 4
  Max Mhz: 900, Current Mhz: 900, Mhz Limit: 900
Processor Information for processor 5
  Max Mhz: 900, Current Mhz: 900, Mhz Limit: 900
Processor Information for processor 6
  Max Mhz: 900, Current Mhz: 900, Mhz Limit: 900
Processor Information for processor 7
  Max Mhz: 900, Current Mhz: 900, Mhz Limit: 900
Processor Information for processor 8
  Max Mhz: 900, Current Mhz: 900, Mhz Limit: 900
Processor Information for processor 9
  Max Mhz: 900, Current Mhz: 900, Mhz Limit: 900
Processor Information for processor 10
  Max Mhz: 900, Current Mhz: 900, Mhz Limit: 900
Processor Information for processor 11
  Max Mhz: 900, Current Mhz: 900, Mhz Limit: 900

Memory: 4k page, system-wide physical 16108M (2054M free)
TotalPageFile size 32416M (AvailPageFile size 121M)
current process WorkingSet (physical memory assigned to process): 10M, peak: 10M
current process commit charge ("private bytes"): 64M, peak: 316M

vm_info: OpenJDK 64-Bit Server VM (17.0.9+7-b1000.46) for windows-amd64 JRE (17.0.9+7-b1000.46), built on 2023-10-27 by "builduser" with MS VC++ 16.10 / 16.11 (VS2019)

END.
